<testsuite failures="5" name="util/Questionnaire.feature" skipped="0" tests="6" time="14.952973">
  <testcase classname="util.Questionnaire" name="TC01 Get Questions" time="4.620896">
    <failure message="Questionnaire.feature:20 - path: $.sectionList[*].questionList[*].questionId, actual: '&lt;html&gt;&#10;&#9;&lt;head&gt;&#10;&#9;&#9;&lt;meta charset=&quot;utf-8&quot;&gt;&#10;&#9;&#9;&lt;meta http-equiv=&quot;X-UA-Compatible&quot; content=&quot;IE=edge&quot;&gt;&#10;&#9;&#9;&lt;meta name=&quot;viewport&quot; content=&quot;width=device-width, height=device-height, initial-scale=1.0&quot;&gt;&#10;&#9;&#9;&lt;title&gt;Signin - MetricStream Enterprise GRC Platform&lt;/title&gt;&#10;&#9;&#9;&lt;link rel=&quot;stylesheet&quot; type=&quot;text/css&quot; href=&quot;/css/signin/signin.css&quot;&gt;&#10;&#9;&#9;&lt;link rel=&quot;stylesheet&quot; type=&quot;text/css&quot; href=&quot;/ui/css/msi.css&quot;&gt;&#10;&#9;&#9;&lt;script src=&quot;/ui/js/libs/jquery/jquery.js&quot;&gt;&lt;/script&gt;&#10;&#9;&#9;&lt;script src=&quot;/ui/js/libs/bootstrap/bootstrap.js&quot;&gt;&lt;/script&gt;&#10;&#9;&#9;&lt;script src=&quot;/ui/js/src/utils/UserLogin.js&quot;&gt;&lt;/script&gt;&#10;&#9;&#9;&#10;&#9;&#9;&#10;&#9;&#9;&#9;&#9;&#10;&#9;&#9;&#13;&#10;&#13;&#10;&#13;&#10;&#13;&#10;&#13;&#10;&#10;&#9;&#9;&#13;&#10;&#10;&#9;&#9;&#10;&#9;&#9;&#10;&#9;&#9;&#10;&#9;&#9;&#10;&#9;&#9;&#10;&#9;&#9;&#10;&#9;&#9;&#10;        &#10;        &#10;        &#10;        &#10;&#9;&#9;&#10;&#10;&#9;&#9;&lt;script type=&quot;text/javascript&quot;&gt;&#10;&#9;&#9;&#9;var nullflag = false;&#10;&#9;&#9;&#9;var interVal = null;&#10;&#9;&#9;&#9;$(function(){&#10;&#9;&#9;&#9;&#9;$(&quot;#username, #passwordHolder&quot;).keyup(function(event) {&#10;&#9;&#9;&#9;&#9;&#9;if (event.keyCode === 13) {&#10;&#9;&#9;&#9;&#9;&#9;&#9;$(&quot;.rtPanelSubmitBtnBg&quot;).click();&#10;&#9;&#9;&#9;&#9;&#9;}&#10;&#9;&#9;&#9;&#9;});&#10;&#9;&#9;&#9;&#9;announcer($('#errorMsgBox').text(),true);&#10;&#9;&#9;&#9;&#9;$('.rtPanelSubmitBtnBg').click(function(event){&#10;&#9;&#9;&#9;&#9;&#9;event.preventDefault(); //this will prevent the default submit&#10;&#9;&#9;&#9;&#9;&#9;var isOtpLogin = $(&quot;#getotp&quot;).is(':checked');&#10;&#9;&#9;&#9;&#9;&#9;var status = false;&#10;&#9;&#9;&#9;&#9;&#9;status = checkUserName(isOtpLogin);&#10;&#9;&#9;&#9;&#9;&#9;if(status){&#10;&#9;&#9;&#9;&#9;&#9;&#9;&#9;$('#signInForm').submit();&#10;&#9;&#9;&#9;&#9;&#9;}&#10;&#9;&#9;&#9;&#9;});&#10;&#9;&#9;&#9;});&#10;&#10;&#9;&#9;&#9;function submitForm(){&#10;&#9;&#9;&#9;&#9;var password = $(&quot;#passwordHolder&quot;);&#10;&#9;&#9;&#9;&#9;var realPassword = $(&quot;#password&quot;);&#10;&#9;&#9;&#9;&#9;var otp = $(&quot;#otp&quot;);&#10;&#9;&#9;&#9;&#9;var src = $(&quot;#src&quot;);&#10;&#9;&#9;&#9;&#9;realPassword.val(password.val());&#10;&#9;&#9;&#9;&#9;password.val('');&#10;&#9;&#9;&#9;&#9;var isOtpLogin = $(&quot;#getotp&quot;).is(':checked');&#10;&#9;&#9;&#9;&#9;if(!isOtpLogin){&#10;&#9;&#9;&#9;&#9;&#9;document.signInForm.action = &quot;/metricstream/auth/basic?locale=en_US&quot;;&#10;&#9;&#9;&#9;&#9;}else{&#10;&#9;&#9;&#9;&#9;&#9;otp.val(realPassword.val())&#10;&#9;&#9;&#9;&#9;&#9;src.val(&quot;login&quot;)&#10;&#9;&#9;&#9;&#9;&#9;password.val('');&#10;&#9;&#9;&#9;&#9;&#9;realPassword.val('');&#10;&#9;&#9;&#9;&#9;&#9;document.signInForm.action = &quot;/metricstream/auth/otp&quot;;&#10;&#9;&#9;&#9;&#9;}&#10;&#9;&#9;&#9;}&#10;&#9;&#9;&#9;function checkUserName(isOtpLogin){&#10;&#9;&#9;&#9;&#9;if(document.getElementById('errorMsgBox')){&#10;&#9;&#9;&#9;&#9;&#9;document.getElementById('errorMsgBox').hidden=true;&#10;&#9;&#9;&#9;&#9;}&#10;&#9;&#9;&#9;&#9;var userName = document.getElementById('username');&#10;&#9;&#9;&#9;&#9;if(userName){&#10;&#9;&#9;&#9;&#9;&#9;var status = false;&#10;&#9;&#9;&#9;&#9;&#9;if (userName.value === &quot;&quot; || userName.value.trim().length === 0) {&#10;&#9;&#9;&#9;&#9;&#9;&#9;applyCSS(&quot;username&quot;, true);&#10;&#9;&#9;&#9;&#9;&#9;&#9;$('#username').attr(&quot;aria-describedby&quot;,&quot;uname_null&quot;);&#10;&#9;&#9;&#9;&#9;&#9;&#9;$('#username').attr(&quot;aria-invalid&quot;,&quot;true&quot;);&#10;&#9;&#9;&#9;&#9;&#9;&#9;$(&quot;#uname_null&quot;).show();&#10;&#9;&#9;&#9;&#9;&#9;&#9;$(&quot;#forgotUname&quot;).css(&quot;margin-top&quot;,&quot;-10px&quot;);&#10;&#9;&#9;&#9;&#9;&#9;&#9;nullflag = true;&#10;&#9;&#9;&#9;&#9;&#9;&#9;$('#username').focus();&#10;&#9;&#9;&#9;&#9;&#9;&#9;checkPassword(isOtpLogin);&#10;&#9;&#9;&#9;&#9;&#9;&#9;status = false; // cancel submission&#10;&#9;&#9;&#9;&#9;&#9;}else if (userName.value || userName.value.length &gt; 0) {&#10;&#9;&#9;&#9;&#9;&#9;&#9;applyCSS(&quot;username&quot;, false);&#10;&#9;&#9;&#9;&#9;&#9;&#9;userName.value = userName.value.trim();&#10;&#9;&#9;&#9;&#9;&#9;&#9;$('#username').removeAttr(&quot;aria-describedby&quot;,&quot;uname_null&quot;);&#10;&#9;&#9;&#9;&#9;&#9;&#9;$('#username').attr(&quot;aria-invalid&quot;,&quot;false&quot;);&#10;&#9;&#9;&#9;&#9;&#9;&#9;nullflag = false;&#10;&#9;&#9;&#9;&#9;&#9;&#9;status = checkPassword(isOtpLogin);&#10;&#9;&#9;&#9;&#9;&#9;}&#10;&#9;&#9;&#9;&#9;&#9;return status;&#10;&#9;&#9;&#9;&#9;}&#10;&#9;&#9;&#9;}&#10;&#10;&#9;&#9;&#9;function checkPassword(isOtpLogin) {&#10;&#9;&#9;&#9;&#9;var password = $(&quot;#passwordHolder&quot;);&#10;&#9;&#9;&#9;&#9;if(password){&#10;&#9;&#9;&#9;&#9;&#9;if (!password.val()) {&#10;&#9;&#9;&#9;&#9;&#9;&#9;applyCSS(&quot;password&quot;, true);&#10;&#9;&#9;&#9;&#9;&#9;&#9;if(!isOtpLogin){&#10;&#9;&#9;&#9;&#9;&#9;&#9;&#9;$('#passwordHolder').attr(&quot;aria-describedby&quot;,&quot;pwd_null&quot;);&#10;&#9;&#9;&#9;&#9;&#9;&#9;&#9;$('#passwordHolder').attr(&quot;aria-invalid&quot;,&quot;true&quot;);&#10;&#9;&#9;&#9;&#9;&#9;&#9;&#9;$(&quot;#pwd_null&quot;).show();&#10;&#9;&#9;&#9;&#9;&#9;&#9;}else{&#10;&#9;&#9;&#9;&#9;&#9;&#9;&#9;$('#passwordHolder').attr(&quot;aria-describedby&quot;,&quot;otp_null&quot;);&#10;&#9;&#9;&#9;&#9;&#9;&#9;&#9;$('#passwordHolder').attr(&quot;aria-invalid&quot;,&quot;true&quot;);&#10;&#9;&#9;&#9;&#9;&#9;&#9;&#9;$(&quot;#otp_null&quot;).show();&#10;&#9;&#9;&#9;&#9;&#9;&#9;}&#10;&#10;&#9;&#9;&#9;&#9;&#9;&#9;if(!nullflag){&#10;&#9;&#9;&#9;&#9;&#9;&#9;&#9;nullflag = true;&#10;&#9;&#9;&#9;&#9;&#9;&#9;&#9;$('#passwordHolder').focus();&#10;&#9;&#9;&#9;&#9;&#9;&#9;}&#10;&#9;&#9;&#9;&#9;&#9;&#9;return false; // cancel submission&#10;&#9;&#9;&#9;&#9;&#9;}else{&#10;&#9;&#9;&#9;&#9;&#9;&#9;applyCSS(&quot;password&quot;, false);&#10;&#9;&#9;&#9;&#9;&#9;&#9;$('#passwordHolder').removeAttr(&quot;aria-describedby&quot;,&quot;pwd_null&quot;);&#10;&#9;&#9;&#9;&#9;&#9;&#9;$('#passwordHolder').attr(&quot;aria-invalid&quot;,&quot;false&quot;);&#10;&#9;&#9;&#9;&#9;&#9;&#9;nullflag = false;&#10;&#9;&#9;&#9;&#9;&#9;&#9;return true;&#10;&#9;&#9;&#9;&#9;&#9;}&#10;&#9;&#9;&#9;&#9;}&#10;&#9;&#9;&#9;}&#10;&#9;&#9;&#9;function applyCSS(field, isError){&#10;&#9;&#9;&#9;&#9;var errorLable = document.getElementsByName(field+&quot;ErrorLble&quot;);&#10;&#9;&#9;&#9;&#9;if(errorLable &amp;&amp; errorLable[0]){&#10;&#9;&#9;&#9;&#9;&#9;errorLable[0].hidden = !isError;&#10;&#9;&#9;&#9;&#9;}&#10;&#9;&#9;&#9;}&#10;&#10;&#9;&#9;&#9;function announcer(message, annoucementEntirety){&#10;&#9;&#9;&#9;&#9;&#9;&#9;&#9;$('#announcerPlaceholder').html('&lt;p&gt;' + message + '&lt;/p&gt;');&#10;&#9;&#9;&#9;                if(annoucementEntirety)&#10;&#9;&#9;&#9;                    $('#announcerPlaceholder').attr('aria-atomic', annoucementEntirety);&#10;&#10;&#9;&#9;&#9;}&#10;&#9;&#9;&#9;function getLocalizedData(){&#10;&#9;&#9;&#9;&#9;var selected_locale = &quot;&quot;;&#10;&#9;&#9;&#9;&#9;if( document.getElementById('locale').hidden){&#10;&#9;&#9;&#9;&#9;&#9;selected_locale = document.getElementById('localeDevice').value;&#10;&#9;&#9;&#9;&#9;}else{&#10;&#9;&#9;&#9;&#9;&#9;selected_locale = document.getElementById('locale').value;&#10;&#9;&#9;&#9;&#9;}&#10;&#9;&#9;&#9;&#9;var url = window.location.href;&#10;&#9;&#9;&#9;&#9;var position = url.indexOf('?');&#10;&#9;&#9;&#9;&#9;if(position &gt; 0){&#10;&#9;&#9;&#9;&#9;&#9;url = url.slice(0,position);&#10;&#9;&#9;&#9;&#9;}&#10;&#9;&#9;&#9;&#9;var action = document.getElementById('action').value;&#10;&#9;&#9;&#9;&#9;if(action !== 'null'){&#10;&#9;&#9;&#9;&#9;&#9;url  = url + '?'+'type='+action;&#10;&#9;&#9;&#9;&#9;}&#10;&#9;&#9;&#9;&#9;document.getElementById('locale').hidden = true;&#10;&#9;&#9;&#9;&#9;if(url.indexOf('?') &gt; 0){&#10;&#9;&#9;&#9;&#9;&#9;url  = url + '&amp;'+'locale='+selected_locale;&#10;&#9;&#9;&#9;&#9;}else{&#10;&#9;&#9;&#9;&#9;&#9;url  = url + '?'+'locale='+selected_locale;&#10;&#9;&#9;&#9;&#9;}&#10;&#9;&#9;&#9;&#9;window.location.href  = url;&#10;&#9;&#9;&#9;}&#10;&#10;&#9;&#9;&#9;function languageSelected(selected_locale){&#10;&#9;&#9;&#9;&#9;var ldapTypeStr = &quot;type=ldap&quot;;&#10;&#9;&#9;&#9;&#9;var localeStr = &quot;locale=&quot;;&#10;&#9;&#9;&#9;&#9;var url = window.location.href;&#10;&#9;&#9;&#9;&#9;if(url.indexOf(localeStr) !== -1){&#10;&#9;&#9;&#9;&#9;&#9;url = url.substring(0, url.indexOf(localeStr));&#10;&#9;&#9;&#9;&#9;}&#10;&#9;&#9;&#9;&#9;if(url.substring(0, url.indexOf(localeStr)) == &quot;&quot; &amp;&amp; url.indexOf(ldapTypeStr) &gt; 0){&#10;&#9;&#9;&#9;&#9;&#9;window.location.href  = url.substring(0, url.indexOf(ldapTypeStr)+ldapTypeStr.length) +'&amp;'+localeStr+selected_locale;&#10;&#9;&#9;&#9;&#9;}else{&#10;&#9;&#9;&#9;&#9;&#9;window.location.href  = url.substring(0, url.indexOf('?'+localeStr)) + '?'+localeStr+selected_locale;&#10;&#9;&#9;&#9;&#9;}&#10;&#10;&#9;&#9;&#9;}&#10;&#9;&#9;&#9;function localekeyhandle(e){&#10;&#9;&#9;&#9;&#9;if(e.which !== 32 &amp;&amp; e.which !== 9){&#10;&#9;&#9;&#9;&#9;&#9;e.preventDefault();&#10;&#9;&#9;&#9;&#9;}&#10;&#10;&#9;&#9;&#9;}&#10;&#10;&#9;&#9;&#9;function otpGeneration(){&#10;&#9;&#9;&#9;&#9;var uname = $(&quot;#username&quot;).val();&#10;&#9;&#9;&#9;&#9;&#9;&#9;if(uname ===&quot;&quot; || uname===null){&#10;&#9;&#9;&#9;&#9;&#9;&#9;&#9;$(&quot;#getotp&quot;).prop('checked', false);&#10;&#9;&#9;&#9;&#9;&#9;&#9;&#9;$(&quot;#uname_null&quot;).show();&#10;&#9;&#9;&#9;&#9;&#9;&#9;&#9;$(&quot;#forgotUname&quot;).css(&quot;margin-top&quot;,&quot;-10px&quot;);&#10;&#9;&#9;&#9;&#9;&#9;&#9;&#9;nullflag = true;&#10;&#9;&#9;&#9;&#9;&#9;&#9;&#9;$('#username').focus();&#10;&#9;&#9;&#9;&#9;&#9;&#9;}else{&#10;&#9;&#9;&#9;&#9;&#9;&#9;&#9;$(&quot;#uname_null&quot;).hide();&#10;&#9;&#9;&#9;&#9;&#9;&#9;&#9;$(&quot;#forgotPass&quot;).hide();&#10;&#9;&#9;&#9;&#9;&#9;&#9;&#9;$(&quot;#pwd&quot;).text(&quot;OTP&quot;);&#10;&#9;&#9;&#9;&#9;&#9;&#9;&#9;$(&quot;#sr-pwd&quot;).text(&quot;OTP&quot;);&#10;&#9;&#9;&#9;&#9;&#9;&#9;&#9;$.ajax({&#10;&#9;&#9;&#9;&#9;&#9;&#9;&#9;&#9;  type: &quot;POST&quot;,&#10;&#9;&#9;&#9;&#9;&#9;&#9;&#9;&#9;  url: &quot;/metricstream/auth/otp&quot;,&#10;&#9;&#9;&#9;&#9;&#9;&#9;&#9;&#9;  data: { username: $(&quot;#username&quot;).val(), src:&quot;login&quot;},&#10;&#9;&#9;&#9;&#9;&#9;&#9;&#9;&#9;  cache: false,&#10;&#9;&#9;&#9;&#9;&#9;&#9;&#9;&#9;  success: function(data){&#10;&#9;&#9;&#9;&#9;&#9;&#9;&#9;&#9;  },&#10;&#9;&#9;&#9;&#9;&#9;&#9;&#9;&#9;  complete:function(data){&#10;&#9;&#9;&#9;&#9;&#9;&#9;&#9;&#9;&#9;&#9;  startTimer(2, 'timer');&#10;&#9;&#9;&#9;&#9;&#9;&#9;&#9;&#9;&#9;&#9;  $('#otp_success').show();&#10;&#9;&#9;&#9;&#9;&#9;&#9;&#9;&#9;&#9;&#9;  $('#otp_success').focus();&#10;&#9;&#9;&#9;&#9;&#9;&#9;&#9;&#9;&#9;&#9;  announcer($('#otp_success').text(),true);&#10;&#9;&#9;&#9;&#9;&#9;&#9;&#9;&#9;&#9;&#9;  $('#passwordHolder').val('');&#10;&#9;&#9;&#9;&#9;&#9;&#9;&#9;&#9;&#9;&#9;  $(&quot;#pwd_null&quot;).hide();&#10;&#9;&#9;&#9;&#9;&#9;&#9;&#9;&#9;&#9;&#9;  $('#passwordHolder').focus();&#10;&#9;&#9;&#9;&#9;&#9;&#9;&#9;&#9;  },&#10;&#9;&#9;&#9;&#9;&#9;&#9;&#9;&#9;  error:function(error){&#10;&#9;&#9;&#9;&#9;&#9;&#9;&#9;&#9;  }&#10;&#9;&#9;&#9;&#9;&#9;&#9;&#9;});&#10;&#9;&#9;&#9;&#9;&#9;&#9;}&#10;&#9;&#9;&#9;}&#10;&#10;&#9;&#9;&#9;$(function(){&#10;&#9;&#9;&#9;&#9;$(&quot;#otp_success&quot;).hide();&#10;&#10;&#9;&#9;&#9;&#9;$(&quot;#username&quot;).on('change', function(event){&#10;&#9;&#9;&#9;&#9;&#9;&#9;document.getElementById(&quot;timer&quot;).innerHTML='';&#10;&#9;&#9;&#9;&#9;&#9;&#9;clearInterval(interVal);&#10;&#9;&#9;&#9;&#9;&#9;&#9;$(&quot;#otp_success&quot;).hide();&#10;&#9;&#9;&#9;&#9;&#9;&#9;$(&quot;#getotp&quot;).prop('checked', false);&#10;&#9;&#9;&#9;&#9;&#9;&#9;$(&quot;#forgotPass&quot;).show();&#10;&#9;&#9;&#9;&#9;&#9;&#9;$(&quot;#pwd&quot;).text(&quot;Password&quot;);&#10;&#9;&#9;&#9;&#9;&#9;&#9;$(&quot;#sr-pwd&quot;).text(&quot;Password&quot;);&#10;&#9;&#9;&#9;&#9;});&#10;&#10;&#9;&#9;&#9;&#9;$('#getotp').on('click',function(){&#10;&#9;&#9;&#9;&#9;&#9;if($(&quot;#getotp&quot;).is(':checked')===true){&#10;&#9;&#9;&#9;&#9;&#9;&#9;otpGeneration();&#10;&#9;&#9;&#9;&#9;&#9;}else{&#10;&#9;&#9;&#9;&#9;&#9;&#9;document.getElementById(&quot;timer&quot;).innerHTML='';&#10;&#9;&#9;&#9;&#9;&#9;&#9;clearInterval(interVal);&#10;&#9;&#9;&#9;&#9;&#9;&#9;$(&quot;#pwd&quot;).text(&quot;Password&quot;);&#10;&#9;&#9;&#9;&#9;&#9;&#9;$(&quot;#sr-pwd&quot;).text(&quot;Password&quot;);&#10;&#9;&#9;&#9;&#9;&#9;&#9;$(&quot;#otp_success&quot;).hide();&#10;&#9;&#9;&#9;&#9;&#9;&#9;$(&quot;#forgotPass&quot;).show();&#10;&#9;&#9;&#9;&#9;&#9;&#9;$(&quot;#otp_null&quot;).hide();&#10;&#9;&#9;&#9;&#9;&#9;}&#10;&#9;&#9;&#9;&#9;});&#10;&#10;&#9;&#9;&#9;&#9;$(document.body).on('click','#getotplink', function(e) {&#10;&#9;&#9;&#9;&#9;&#9;otpGeneration();&#10;&#9;&#9;&#9;&#9;});&#10;&#10;&#9;&#9;&#9;});&#10;&#10;&#9;&#9;&#9;function startTimer(minutes, dom) {&#10;&#9;&#9;&#9;&#9;var duration = 60 * minutes;&#10;&#9;&#9;&#9;&#9;display = document.querySelector('#' + dom);&#10;&#9;&#9;&#9;&#9;var timer = duration, minutes, seconds;&#10;&#9;&#9;&#9;&#9;interVal = setInterval(function () {&#10;&#9;&#9;&#9;&#9;&#9;&#9;&#9;&#9;minutes = parseInt(timer / 60, 10);&#10;&#9;&#9;&#9;&#9;&#9;&#9;&#9;&#9;seconds = parseInt(timer % 60, 10);&#10;&#9;&#9;&#9;&#9;&#9;&#9;&#9;&#9;minutes = minutes &lt; 10 ? &quot;0&quot; + minutes : minutes;&#10;&#9;&#9;&#9;&#9;&#9;&#9;&#9;&#9;seconds = seconds &lt; 10 ? &quot;0&quot; + seconds : seconds;&#10;&#9;&#9;&#9;&#9;&#9;&#9;&#9;&#9;//display.textContent = minutes + &quot;:&quot; + seconds;&#10;&#9;&#9;&#9;&#9;&#9;&#9;&#9;&#9;document.getElementById(dom).innerHTML=&quot;&lt;p&gt;Please wait for &quot; + minutes + &quot;minutes &quot; + seconds + &quot;seconds to get resend OTP link.&lt;/p&gt;&quot;;&#10;&#9;&#9;&#9;&#9;&#9;&#9;&#9;&#9;if (--timer &lt; 0) {&#10;&#9;&#9;&#9;&#9;&#9;&#9;&#9;&#9;&#9;clearInterval(interVal);&#10;&#9;&#9;&#9;&#9;&#9;&#9;&#9;&#9;&#9;document.getElementById(dom).innerHTML=&quot;&lt;p&gt;Didn't receive OTP yet? &lt;a id='getotplink'&gt;Resend OTP&lt;/a&gt;&lt;/p&gt;&quot;;&#10;&#9;&#9;&#9;&#9;&#9;&#9;&#9;&#9;&#9;$(&quot;#otp_success&quot;).hide();&#10;&#9;&#9;&#9;&#9;&#9;&#9;&#9;&#9;}&#10;&#9;&#9;&#9;&#9;&#9;&#9;&#9;&#9;}, 1000);&#10;&#9;&#9;&#9;}&#10;        &lt;/script&gt;&#10;&#9;&lt;/head&gt;&#10;&#9;&lt;body&gt;&#10;&#9;&#9;&lt;div id=&quot;mainPanel&quot;&gt;&#10;&#9;&#9;&#9;&lt;input type=&quot;hidden&quot; name=&quot;action&quot; id=&quot;action&quot; value=&quot;null&quot;&gt;&#10;&#9;&#9;&#9;&lt;div  id=&quot;leftPanel&quot; class=&quot;col-md-6 col-sm-6 hidden-xs hidden-sm leftPanelBg&quot;&gt;&#10;&#9;&#9;&#9;&#9;&lt;div class=&quot;container col-md-12 paddingTop5Em&quot;&gt;&#10;&#9;&#9;&#9;&#9;&#9;&lt;div class=&quot;col-md-2&quot;&gt;&lt;/div&gt;&#10;&#9;&#9;&#9;&#9;&#9;&lt;div class=&quot;col-md-8 lftPanelLogoBg&quot;&gt;&#10;&#9;&#9;&#9;&#9;&#9;&#9;&lt;label&gt;&lt;font&gt;&lt;img class=&quot;lftPanelLogoImage&quot; src=&quot;/images/signin/msi_logo_white.png&quot; alt='MetricStream Logo' aria-label='MetricStream Logo'&gt;&lt;/font&gt;&#10;&#9;&#9;&#9;&#9;&#9;&#9;&lt;/label&gt;&#10;&#9;&#9;&#9;&#9;&#9;&lt;/div&gt;&#10;&#9;&#9;&#9;&#9;&#9;&lt;div class=&quot;col-md-2&quot;&gt;&lt;/div&gt;&#10;&#9;&#9;&#9;&#9;&lt;/div&gt;&#10;&#9;&#9;&#9;&#9;&lt;div class=&quot;text-align-center&quot;&gt;&#10;&#9;&#9;&#9;&#9;&#9;&lt;label&gt;&lt;font class=&quot;lftPanelHeadingTxtBg&quot;&gt;GRC Solutions for the &lt;br&gt;Enterprise of Tomorrow&lt;/font&gt;&lt;/label&gt;&#10;&#9;&#9;&#9;&#9;&lt;/div&gt;&#10;&#9;&#9;&#9;&#9;&lt;div class=&quot;homePageContent&quot;&gt;&#10;&#9;&#9;&#9;&#9;&#9;&lt;label &gt;&lt;font class=&quot;lftPanelBodyTxtBg&quot;&gt;MetricStream's extensive range of GRC Apps enables you to &lt;br&gt; manage your risks, compliance and governance activities in a &lt;br&gt;holistic, consistent and efficient manner.&lt;/font&gt;&lt;/label&gt;&#10;&#9;&#9;&#9;&#9;&lt;/div&gt;&#10;&#9;&#9;&#9;&#9;&lt;br&gt;&#10;&#9;&#9;&#9;&#9;&lt;div class=&quot;container col-md-12 paddingTop3EM&quot; &gt;&#10;&#9;&#9;&#9;&#9;&#9;&lt;div class=&quot;col-md-2&quot;&gt; &lt;/div&gt;&#10;&#9;&#9;&#9;&#9;&#9;&lt;div class=&quot;col-md-8 text-align-center&quot; &gt;&#10;&#9;&#9;&#9;&#9;&#9;&#9;&lt;img style=&quot;width:70%;&quot; src=&quot;/images/signin/login-icons.png&quot; aria-hidden=&quot;true&quot; alt='MetricStream Icon' aria-label='MetricStream Icon' &gt;&#10;&#9;&#9;&#9;&#9;&#9;&lt;/div&gt;&#10;&#9;&#9;&#9;&#9;&#9;&lt;div class=&quot;col-md-2&quot;&gt; &lt;/div&gt;&#10;&#10;&#9;&#9;&#9;&#9;&lt;/div&gt;&#10;&#9;&#9;&#9;&lt;/div&gt;&#10;&#9;&#9;&#9;&lt;div id=&quot;rightPanel&quot; class=&quot;col-sm-6 col-lg-6 col-md-6 rtPanelBg&quot;&gt;&#10;&#9;&#9;&#9;&#9;&lt;!--Header for small device --&gt;&#10;&#9;&#9;&#9;&#9;&lt;div class=&quot;col-sm-6 col-md-6 col-lg-6 hidden-lg hidden-md smallHeader&quot;&gt;&#10;&#9;&#9;&#9;&#9;&#9;&lt;div class=&quot;row&quot; style=&quot;background-color:#006DB7; flex-direction: row;justify-content: space-between; align-items: center;height:50px;&quot;&gt;&#10;&#9;&#9;&#9;&#9;&#9;&#9;&lt;div class=&quot;col-sm-10 smLeftHeaderWidth&quot;&gt;&#10;&#9;&#9;&#9;&#9;&#9;&#9;&#9;&lt;img class=&quot;lftPanelSmallDeviceLogoImage&quot; src=&quot;/images/signin/msi_logo_white.png&quot;&gt;&#10;&#9;&#9;&#9;&#9;&#9;&#9;&lt;/div&gt;&#10;&#9;&#9;&#9;&#9;&#9;&#9;&lt;!-- Logo for small device--&gt;&#10;&#9;&#9;&#9;&#9;&#9;&#9;&lt;div class=&quot;col-sm-2 globalIconSmallDeviceDivBg smRightHeaderWidth&quot;&gt;&#10;&#9;&#9;&#9;&#9;&#9;&#9;&#9;&lt;button class=&quot;dropdown-toggle globalIconBtnSmallDeviceBg&quot; data-toggle=&quot;dropdown&quot;&gt;&lt;span class=&quot;icn icn-globe globalIconBtnSmallDeviceBg&quot;&gt;&lt;/span&gt;&lt;/button&gt;&#10;&#9;&#9;&#9;&#9;&#9;&#9;&#9;&lt;ul class=&quot;dropdown-menu localeItemDropDownUL&quot;&gt;&#10;&#9;&#9;&#9;&#9;&#9;&#9;&#9;&#9;&#10;&#9;&#9;&#9;&#9;&#9;&#9;&#9;&lt;/ul&gt;&#10;&#9;&#9;&#9;&#9;&#9;&#9;&lt;/div&gt;&#10;&#9;&#9;&#9;&#9;&#9;&lt;/div&gt;&#10;&#9;&#9;&#9;&#9;&lt;/div&gt;&#10;&#9;&#9;&#9;&#9;&lt;!--Header for large screen --&gt;&#10;&#9;&#9;&#9;&#9;&lt;div class=&quot;col-md-12 hidden-xs hidden-sm largeHeader&quot;&gt;&#10;&#9;&#9;&#9;&#9;&#9;&lt;div class=&quot;col-md-8 col-lg-6 paddingLeft05Em&quot;&gt;&#10;&#9;&#9;&#9;&#9;&#9;&#9;&lt;div &gt;&#10;&#9;&#9;&#9;&#9;&#9;&#9;&#9;&lt;button disabled id=&quot;lgGlobeBtn&quot; name=&quot;lgGlobeBtn&quot; class=&quot;icn icn-globe globalIconBg&quot; aria-hidden=&quot;true&quot;&gt;&lt;/button&gt;&#10;&#9;&#9;&#9;&#9;&#9;&#9;&#9;&#10;&#9;&#9;&#9;&#9;&#9;&#9;&#9;&lt;label id=&quot;localeLabel&quot; class=&quot;localString&quot;&gt;English-United States&lt;/label&gt;&#10;&#9;&#9;&#9;&#9;&#9;&#9;&#9;&#10;&#9;&#9;&#9;&#9;&#9;&#9;&lt;/div&gt;&#10;&#9;&#9;&#9;&#9;&#9;&lt;/div&gt;&#10;&#9;&#9;&#9;&#9;&#9;&lt;div class=&quot;col-md-6 col-lg-6 rtPanelHeaderMenu menuLinks text-right&quot;&gt;&#10;&#9;&#9;&#9;&#9;&#9;&#9;&lt;label &gt; &lt;a href=&quot;http://www.grcjourney.com/&quot; target=&quot;_blank&quot; rel=&quot;noopener noreferrer&quot; class=&quot;textDecoration&quot;&gt;GRC Journey&lt;/a&gt;&lt;/label&gt;&#10;&#9;&#9;&#9;&#9;&#9;&#9;&lt;label class=&quot;rtPanelHeaderMenuSeperator&quot; aria-hidden=&quot;true&quot;&gt;|&lt;/label&gt;&#10;&#9;&#9;&#9;&#9;&#9;&#9;&lt;label&gt; &lt;a href=&quot;http://www.complianceonline.com/&quot; target=&quot;_blank&quot; rel=&quot;noopener noreferrer&quot; class=&quot;textDecoration&quot;&gt;Training&lt;/a&gt;&lt;/label&gt;&#10;&#9;&#9;&#9;&#9;&#9;&#9;&lt;label class=&quot;rtPanelHeaderMenuSeperator&quot; aria-hidden=&quot;true&quot;&gt;|&lt;/label&gt;&#10;&#9;&#9;&#9;&#9;&#9;&#9;&lt;label&gt; &lt;a href=&quot;http://www.metricstream.com/&quot; target=&quot;_blank&quot; rel=&quot;noopener noreferrer&quot; class=&quot;textDecoration&quot;&gt;MetricStream&lt;/a&gt;&lt;/label&gt;&#10;&#9;&#9;&#9;&#9;&#9;&lt;/div&gt;&#10;&#9;&#9;&#9;&#9;&#9;&lt;div class=&quot;col-md-4 hidden-xs hidden-sm rtPanelHeaderMenu menuDropdown text-right&quot;&gt;&#10;&#9;&#9;&#9;&#9;&#9;  &lt;div class=&quot;dropdown&quot;&gt;&#10;&#9;&#9;&#9;&#9;&#9;&#9;&lt;button class=&quot;dropdown-toggle openLinksBg&quot; data-toggle=&quot;dropdown&quot;&gt;&lt;span class=&quot;icn icn-ellipsis&quot;&gt;&lt;/span&gt;&lt;/button&gt;&#10;&#9;&#9;&#9;&#9;&#9;&#9;&lt;ul class=&quot;dropdown-menu linksDropdown&quot;&gt;&#10;&#9;&#9;&#9;&#9;&#9;&#9;  &lt;li&gt;&lt;a href=&quot;http://www.grcjourney.com/&quot; target=&quot;_blank&quot; rel=&quot;noopener noreferrer&quot; class=&quot;linkBg&quot;&gt;GRC Journey&lt;/a&gt;&lt;/li&gt;&#10;&#9;&#9;&#9;&#9;&#9;&#9;  &lt;li&gt;&lt;a href=&quot;http://www.complianceonline.com/&quot; target=&quot;_blank&quot; rel=&quot;noopener noreferrer&quot; class=&quot;linkBg&quot;&gt;Training&lt;/a&gt;&lt;/li&gt;&#10;&#9;&#9;&#9;&#9;&#9;&#9;  &lt;li&gt;&lt;a href=&quot;http://www.metricstream.com/&quot; target=&quot;_blank&quot; rel=&quot;noopener noreferrer&quot; class=&quot;linkBg&quot;&gt;MetricStream&lt;/a&gt;&lt;/li&gt;&#10;&#9;&#9;&#9;&#9;&#9;&#9;&lt;/ul&gt;&#10;&#9;&#9;&#9;&#9;&#9;  &lt;/div&gt;&#10;&#9;&#9;&#9;&#9;&#9;&lt;/div&gt;&#10;&#9;&#9;&#9;&#9;&lt;/div&gt;&#10;&#9;&#9;&#9;&#9;&lt;!-- Sign In label and Form --&gt;&#10;&#9;&#9;&#9;&#9;&lt;div&gt;&#10;&#9;&#9;&#9;&#9;&lt;p id=&quot;announcerPlaceholder&quot; class=&quot;sr-only&quot; role=&quot;alert&quot; aria-live=&quot;assertive&quot; aria-atomic=&quot;false&quot;&gt;&lt;/p&gt;&#10;&#9;&#9;&#9;&#9;&lt;p id=&quot;error&quot; hidden&gt;Error&lt;/p&gt;&#10;&#9;&#9;&#9;&#9;&lt;form class=&quot;rtPanelSignInForm&quot; name=&quot;signInForm&quot; id=&quot;signInForm&quot; method=&quot;post&quot; enctype=&quot;application/x-www-form-urlencoded&quot; autocomplete=&quot;off&quot; aria-label='Sign-In to M7 Application '  onsubmit=&quot;return submitForm();&quot; novalidate  &gt;&#10;&#9;&#9;&#9;&#9;&#9;&lt;h1 class=&quot;rtPanelSignInHeading&quot;&gt;Sign In&lt;/h1&gt;&#10;&#9;&#9;&#9;&#9;&#9;&#10;&#10;&#9;&#9;&#9;&#9;&#9;&lt;div class=&quot;login-float-field-div&quot;&gt;&#10;&#9;&#9;&#9;&#9;&#9;&#9;&lt;div class=&quot;form-group rtPanelUN&quot;&gt;&#10;&#9;&#9;&#9;&#9;&#9;&#9;&#9;&lt;span class=&quot;sr-only&quot;&gt;Username&lt;/span&gt;&#10;&#9;&#9;&#9;&#9;&#9;&#9;&#9;&lt;input class=&quot;login-input-floating&quot; type=&quot;text&quot; id=&quot;username&quot; aria-invalid=&quot;false&quot; name=&quot;username&quot; aria-labelledby=&quot;uname&quot; autocomplete=&quot;off&quot; autofocus=&quot;&quot; aria-required=&quot;true&quot; required&gt;&#10;&#9;&#9;&#9;&#9;&#9;&#9;&#9;&lt;label class=&quot;login-label-floating login-label-floating-username&quot; id=&quot;uname&quot; aria-hidden=&quot;true&quot;&gt;Username&lt;/label&gt;&#10;&#9;&#9;&#9;&#9;&#9;&#9;&#9;&lt;label name=&quot;usernameErrorLble&quot; hidden=&quot;true&quot; class=&quot;errorTextBg&quot; id=&quot;uname_null&quot;&gt;Please enter your username&lt;/label&gt;&#10;&#9;&#9;&#9;&#9;&#9;&#9;&lt;/div&gt;&#10;&#10;&#10;&#9;&#9;&#9;&#9;&#9;&#9;&lt;div class=&quot;form-group rtPanelUN&quot; id=&quot;passwordField&quot; style=&quot;margin-top: 1%;&quot;&gt;&#10;&#9;&#9;&#9;&#9;&#9;&#9;&#9;&lt;span id=&quot;sr-pwd&quot; class=&quot;sr-only&quot;&gt;Password&lt;/span&gt;&#10;&#9;&#9;&#9;&#9;&#9;&#9;&#9;&lt;input class=&quot;login-input-floating&quot; type=&quot;password&quot; id=&quot;passwordHolder&quot; aria-invalid=&quot;false&quot; aria-labelledby=&quot;pwd&quot; name=&quot;passwordHolder&quot; aria-required=&quot;true&quot; required&gt;&#10;&#10;&#9;&#9;&#9;&#9;&#9;&#9;&#9;&lt;input type=&quot;hidden&quot; id=&quot;password&quot; name=&quot;password&quot;&gt;&#10;&#9;&#9;&#9;&#9;&#9;&#9;&#9;&lt;input type=&quot;hidden&quot; id=&quot;otp&quot; name=&quot;otp&quot;&gt;&#10;&#9;&#9;&#9;&#9;&#9;&#9;&#9;&lt;input type=&quot;hidden&quot; id=&quot;src&quot; name=&quot;src&quot;&gt;&#10;&#9;&#9;&#9;&#9;&#9;&#9;&#9;&lt;label class=&quot;login-label-floating login-label-floating-password&quot; id=&quot;pwd&quot; aria-hidden=&quot;true&quot; &gt;Password&lt;/label&gt;&#10;&#9;&#9;&#9;&#9;&#9;&#9;&#9;&lt;label name=&quot;passwordErrorLble&quot; hidden=&quot;true&quot; id=&quot;pwd_null&quot;  class=&quot;errorTextBg&quot;&gt;Please enter your password&lt;/label&gt;&#10;&#9;&#9;&#9;&#9;&#9;&#9;&lt;label name=&quot;passwordErrorLble&quot; hidden=&quot;true&quot; id=&quot;otp_null&quot;  class=&quot;errorTextBg&quot;&gt;Please enter your OTP&lt;/label&gt;&#10;&#9;&#9;&#9;&#9;&#9;&#9;&lt;/div&gt;&#10;&#10;&#10;&#9;&#9;&#9;&#9;&#9;&#9;&#10;&#10;&#9;&#9;&#9;&#9;&#9;&#9;&lt;div id=&quot;passwordLoginSec&quot; class=&quot;form-group rtPanelSubmitBtnPosition&quot;&gt;&#10;&#9;&#9;&#9;&#9;&#9;&#9;&#9;&lt;button id=&quot;passwordLoginBtn&quot; type=&quot;button&quot; class=&quot;btn-signin rtPanelSubmitBtnBg&quot;&gt;Sign In&lt;/button&gt;&#10;&#10;&#10;&#9;&#9;&#9;&#9;&#9;&#9;&#10;&#9;&#9;&#9;&#9;&#9;&#9;&lt;div id=&quot;forgotPass&quot; class=&quot;forgot-links&quot;&gt;&#10;&#9;&#9;&#9;&#9;&#9;&#9;&#9;&lt;a  href=&quot;/metricstream/loginServices/SigninHelpValidate?locale=en_US&amp;forgotOption=uname&quot;&gt; Recover Username &lt;/a&gt;&#10;&#10;&#9;&#9;&#9;&#9;&#9;&#9;&#9;&lt;a style=&quot;margin-left: 1em;&quot; href=&quot;/metricstream/loginServices/SigninHelpValidate?locale=en_US&amp;forgotOption=pwd&quot;&gt; Recover Password &lt;/a&gt;&#10;&#9;&#9;&#9;&#9;&#9;&#9;&lt;/div&gt;&#10;&#9;&#9;&#9;&#9;&#9;&#9;&#10;&#10;&#9;&#9;&#9;&#9;&#9;&#9;&lt;/div&gt;&#10;&#9;&#9;&#9;&#9;&#9;&#9;&lt;div class=&quot;alert alert-success&quot; style=&quot;margin-left:2em;margin-top:2em;width:75%&quot; role=&quot;alert&quot; id=&quot;otp_success&quot;&gt;&#10;&#9;&#9;&#9;&#9;&#9;&#9;&lt;strong&gt;Success&lt;/strong&gt;&#10;&#9;&#9;&#9;&#9;&#9;&#9;&lt;br&gt;Your request has been processed. A new OTP has been sent to your registered email id&#10;&#9;&#9;&#9;&#9;&#9;&#9;&lt;/div&gt;&#10;&#9;&#9;&#9;&#9;&#9;&#9;&#10;&#9;&#9;&#9;&#9;&#9;&lt;/div&gt;&#9;&#9;&#9;&#10;&#9;&#9;&#9;&#9;&lt;/form&gt;&#10;&#9;&#9;&#9;&#9;&lt;div class=&quot;copyRightSignIn&quot;&gt;&#10;&#9;&#9;&#9;&#9;&#9;&#9;&#9;&lt;label class=&quot;copyRightTextBg&quot;&gt;&amp;copy 2020 MetricStream Inc. All Rights Reserved. &#10;&#9;&#9;&#9;&#9;&#9;&#9;&#9;&lt;u&gt;&lt;a href=&quot;http://www.metricstream.com/about-us/privacy-policy.htm&quot; target=&quot;_blank&quot; rel=&quot;noopener noreferrer&quot; class=&quot;rtPanelPolicyLink&quot;&gt;Privacy Policy&lt;/a&gt;&lt;/u&gt;&#10;&#9;&#9;&#9;&#9;&#9;&#9;&#9;&lt;/label&gt;&#10;&#9;&#9;&#9;&#9;&lt;/div&gt;&#9;&#10;&#9;&#9;&#9;&#9;&lt;/div&gt;&#10;&#9;&#9;&#9;&lt;/div&gt;&#9;&#9;&#10;&#9;&#9;&lt;/div&gt;&#10;&#9;&lt;/body&gt;&#10;&lt;/html&gt;', expected: '{'QUESTION-100200','QUESTION-100201','QUESTION-100202','QUESTION-100203'}', reason: actual value is not JSON-like">* url 'https://icrreg2.rnd.metricstream.com/' ............................. passed
* def signIn = callonce read('util/signin.feature') ....................... passed
* def cooky = signIn.cooky ................................................ passed
* def db = signIn.db ...................................................... passed
* def contactName = signIn.contactName .................................... passed
* configure cookies = cooky ............................................... passed
Given path '/metricstream/api/7.0/icr/questionnaire/Questionnaire-100200' . passed
When method Get ........................................................... passed
Then status 200 ........................................................... passed
And match response $.sectionList[*].questionList[*].questionId contains {'QUESTION-100200','QUESTION-100201','QUESTION-100202','QUESTION-100203'} . failed

Stack Trace:
com.intuit.karate.exception.KarateException: Questionnaire.feature:20 - path: $.sectionList[*].questionList[*].questionId, actual: '&lt;html&gt;
	&lt;head&gt;
		&lt;meta charset="utf-8"&gt;
		&lt;meta http-equiv="X-UA-Compatible" content="IE=edge"&gt;
		&lt;meta name="viewport" content="width=device-width, height=device-height, initial-scale=1.0"&gt;
		&lt;title&gt;Signin - MetricStream Enterprise GRC Platform&lt;/title&gt;
		&lt;link rel="stylesheet" type="text/css" href="/css/signin/signin.css"&gt;
		&lt;link rel="stylesheet" type="text/css" href="/ui/css/msi.css"&gt;
		&lt;script src="/ui/js/libs/jquery/jquery.js"&gt;&lt;/script&gt;
		&lt;script src="/ui/js/libs/bootstrap/bootstrap.js"&gt;&lt;/script&gt;
		&lt;script src="/ui/js/src/utils/UserLogin.js"&gt;&lt;/script&gt;
		
		
				
		&#13;
&#13;
&#13;
&#13;
&#13;

		&#13;

		
		
		
		
		
		
		
        
        
        
        
		

		&lt;script type="text/javascript"&gt;
			var nullflag = false;
			var interVal = null;
			$(function(){
				$("#username, #passwordHolder").keyup(function(event) {
					if (event.keyCode === 13) {
						$(".rtPanelSubmitBtnBg").click();
					}
				});
				announcer($('#errorMsgBox').text(),true);
				$('.rtPanelSubmitBtnBg').click(function(event){
					event.preventDefault(); //this will prevent the default submit
					var isOtpLogin = $("#getotp").is(':checked');
					var status = false;
					status = checkUserName(isOtpLogin);
					if(status){
							$('#signInForm').submit();
					}
				});
			});

			function submitForm(){
				var password = $("#passwordHolder");
				var realPassword = $("#password");
				var otp = $("#otp");
				var src = $("#src");
				realPassword.val(password.val());
				password.val('');
				var isOtpLogin = $("#getotp").is(':checked');
				if(!isOtpLogin){
					document.signInForm.action = "/metricstream/auth/basic?locale=en_US";
				}else{
					otp.val(realPassword.val())
					src.val("login")
					password.val('');
					realPassword.val('');
					document.signInForm.action = "/metricstream/auth/otp";
				}
			}
			function checkUserName(isOtpLogin){
				if(document.getElementById('errorMsgBox')){
					document.getElementById('errorMsgBox').hidden=true;
				}
				var userName = document.getElementById('username');
				if(userName){
					var status = false;
					if (userName.value === "" || userName.value.trim().length === 0) {
						applyCSS("username", true);
						$('#username').attr("aria-describedby","uname_null");
						$('#username').attr("aria-invalid","true");
						$("#uname_null").show();
						$("#forgotUname").css("margin-top","-10px");
						nullflag = true;
						$('#username').focus();
						checkPassword(isOtpLogin);
						status = false; // cancel submission
					}else if (userName.value || userName.value.length &gt; 0) {
						applyCSS("username", false);
						userName.value = userName.value.trim();
						$('#username').removeAttr("aria-describedby","uname_null");
						$('#username').attr("aria-invalid","false");
						nullflag = false;
						status = checkPassword(isOtpLogin);
					}
					return status;
				}
			}

			function checkPassword(isOtpLogin) {
				var password = $("#passwordHolder");
				if(password){
					if (!password.val()) {
						applyCSS("password", true);
						if(!isOtpLogin){
							$('#passwordHolder').attr("aria-describedby","pwd_null");
							$('#passwordHolder').attr("aria-invalid","true");
							$("#pwd_null").show();
						}else{
							$('#passwordHolder').attr("aria-describedby","otp_null");
							$('#passwordHolder').attr("aria-invalid","true");
							$("#otp_null").show();
						}

						if(!nullflag){
							nullflag = true;
							$('#passwordHolder').focus();
						}
						return false; // cancel submission
					}else{
						applyCSS("password", false);
						$('#passwordHolder').removeAttr("aria-describedby","pwd_null");
						$('#passwordHolder').attr("aria-invalid","false");
						nullflag = false;
						return true;
					}
				}
			}
			function applyCSS(field, isError){
				var errorLable = document.getElementsByName(field+"ErrorLble");
				if(errorLable &amp;&amp; errorLable[0]){
					errorLable[0].hidden = !isError;
				}
			}

			function announcer(message, annoucementEntirety){
							$('#announcerPlaceholder').html('&lt;p&gt;' + message + '&lt;/p&gt;');
			                if(annoucementEntirety)
			                    $('#announcerPlaceholder').attr('aria-atomic', annoucementEntirety);

			}
			function getLocalizedData(){
				var selected_locale = "";
				if( document.getElementById('locale').hidden){
					selected_locale = document.getElementById('localeDevice').value;
				}else{
					selected_locale = document.getElementById('locale').value;
				}
				var url = window.location.href;
				var position = url.indexOf('?');
				if(position &gt; 0){
					url = url.slice(0,position);
				}
				var action = document.getElementById('action').value;
				if(action !== 'null'){
					url  = url + '?'+'type='+action;
				}
				document.getElementById('locale').hidden = true;
				if(url.indexOf('?') &gt; 0){
					url  = url + '&amp;'+'locale='+selected_locale;
				}else{
					url  = url + '?'+'locale='+selected_locale;
				}
				window.location.href  = url;
			}

			function languageSelected(selected_locale){
				var ldapTypeStr = "type=ldap";
				var localeStr = "locale=";
				var url = window.location.href;
				if(url.indexOf(localeStr) !== -1){
					url = url.substring(0, url.indexOf(localeStr));
				}
				if(url.substring(0, url.indexOf(localeStr)) == "" &amp;&amp; url.indexOf(ldapTypeStr) &gt; 0){
					window.location.href  = url.substring(0, url.indexOf(ldapTypeStr)+ldapTypeStr.length) +'&amp;'+localeStr+selected_locale;
				}else{
					window.location.href  = url.substring(0, url.indexOf('?'+localeStr)) + '?'+localeStr+selected_locale;
				}

			}
			function localekeyhandle(e){
				if(e.which !== 32 &amp;&amp; e.which !== 9){
					e.preventDefault();
				}

			}

			function otpGeneration(){
				var uname = $("#username").val();
						if(uname ==="" || uname===null){
							$("#getotp").prop('checked', false);
							$("#uname_null").show();
							$("#forgotUname").css("margin-top","-10px");
							nullflag = true;
							$('#username').focus();
						}else{
							$("#uname_null").hide();
							$("#forgotPass").hide();
							$("#pwd").text("OTP");
							$("#sr-pwd").text("OTP");
							$.ajax({
								  type: "POST",
								  url: "/metricstream/auth/otp",
								  data: { username: $("#username").val(), src:"login"},
								  cache: false,
								  success: function(data){
								  },
								  complete:function(data){
										  startTimer(2, 'timer');
										  $('#otp_success').show();
										  $('#otp_success').focus();
										  announcer($('#otp_success').text(),true);
										  $('#passwordHolder').val('');
										  $("#pwd_null").hide();
										  $('#passwordHolder').focus();
								  },
								  error:function(error){
								  }
							});
						}
			}

			$(function(){
				$("#otp_success").hide();

				$("#username").on('change', function(event){
						document.getElementById("timer").innerHTML='';
						clearInterval(interVal);
						$("#otp_success").hide();
						$("#getotp").prop('checked', false);
						$("#forgotPass").show();
						$("#pwd").text("Password");
						$("#sr-pwd").text("Password");
				});

				$('#getotp').on('click',function(){
					if($("#getotp").is(':checked')===true){
						otpGeneration();
					}else{
						document.getElementById("timer").innerHTML='';
						clearInterval(interVal);
						$("#pwd").text("Password");
						$("#sr-pwd").text("Password");
						$("#otp_success").hide();
						$("#forgotPass").show();
						$("#otp_null").hide();
					}
				});

				$(document.body).on('click','#getotplink', function(e) {
					otpGeneration();
				});

			});

			function startTimer(minutes, dom) {
				var duration = 60 * minutes;
				display = document.querySelector('#' + dom);
				var timer = duration, minutes, seconds;
				interVal = setInterval(function () {
								minutes = parseInt(timer / 60, 10);
								seconds = parseInt(timer % 60, 10);
								minutes = minutes &lt; 10 ? "0" + minutes : minutes;
								seconds = seconds &lt; 10 ? "0" + seconds : seconds;
								//display.textContent = minutes + ":" + seconds;
								document.getElementById(dom).innerHTML="&lt;p&gt;Please wait for " + minutes + "minutes " + seconds + "seconds to get resend OTP link.&lt;/p&gt;";
								if (--timer &lt; 0) {
									clearInterval(interVal);
									document.getElementById(dom).innerHTML="&lt;p&gt;Didn't receive OTP yet? &lt;a id='getotplink'&gt;Resend OTP&lt;/a&gt;&lt;/p&gt;";
									$("#otp_success").hide();
								}
								}, 1000);
			}
        &lt;/script&gt;
	&lt;/head&gt;
	&lt;body&gt;
		&lt;div id="mainPanel"&gt;
			&lt;input type="hidden" name="action" id="action" value="null"&gt;
			&lt;div  id="leftPanel" class="col-md-6 col-sm-6 hidden-xs hidden-sm leftPanelBg"&gt;
				&lt;div class="container col-md-12 paddingTop5Em"&gt;
					&lt;div class="col-md-2"&gt;&lt;/div&gt;
					&lt;div class="col-md-8 lftPanelLogoBg"&gt;
						&lt;label&gt;&lt;font&gt;&lt;img class="lftPanelLogoImage" src="/images/signin/msi_logo_white.png" alt='MetricStream Logo' aria-label='MetricStream Logo'&gt;&lt;/font&gt;
						&lt;/label&gt;
					&lt;/div&gt;
					&lt;div class="col-md-2"&gt;&lt;/div&gt;
				&lt;/div&gt;
				&lt;div class="text-align-center"&gt;
					&lt;label&gt;&lt;font class="lftPanelHeadingTxtBg"&gt;GRC Solutions for the &lt;br&gt;Enterprise of Tomorrow&lt;/font&gt;&lt;/label&gt;
				&lt;/div&gt;
				&lt;div class="homePageContent"&gt;
					&lt;label &gt;&lt;font class="lftPanelBodyTxtBg"&gt;MetricStream's extensive range of GRC Apps enables you to &lt;br&gt; manage your risks, compliance and governance activities in a &lt;br&gt;holistic, consistent and efficient manner.&lt;/font&gt;&lt;/label&gt;
				&lt;/div&gt;
				&lt;br&gt;
				&lt;div class="container col-md-12 paddingTop3EM" &gt;
					&lt;div class="col-md-2"&gt; &lt;/div&gt;
					&lt;div class="col-md-8 text-align-center" &gt;
						&lt;img style="width:70%;" src="/images/signin/login-icons.png" aria-hidden="true" alt='MetricStream Icon' aria-label='MetricStream Icon' &gt;
					&lt;/div&gt;
					&lt;div class="col-md-2"&gt; &lt;/div&gt;

				&lt;/div&gt;
			&lt;/div&gt;
			&lt;div id="rightPanel" class="col-sm-6 col-lg-6 col-md-6 rtPanelBg"&gt;
				&lt;!--Header for small device --&gt;
				&lt;div class="col-sm-6 col-md-6 col-lg-6 hidden-lg hidden-md smallHeader"&gt;
					&lt;div class="row" style="background-color:#006DB7; flex-direction: row;justify-content: space-between; align-items: center;height:50px;"&gt;
						&lt;div class="col-sm-10 smLeftHeaderWidth"&gt;
							&lt;img class="lftPanelSmallDeviceLogoImage" src="/images/signin/msi_logo_white.png"&gt;
						&lt;/div&gt;
						&lt;!-- Logo for small device--&gt;
						&lt;div class="col-sm-2 globalIconSmallDeviceDivBg smRightHeaderWidth"&gt;
							&lt;button class="dropdown-toggle globalIconBtnSmallDeviceBg" data-toggle="dropdown"&gt;&lt;span class="icn icn-globe globalIconBtnSmallDeviceBg"&gt;&lt;/span&gt;&lt;/button&gt;
							&lt;ul class="dropdown-menu localeItemDropDownUL"&gt;
								
							&lt;/ul&gt;
						&lt;/div&gt;
					&lt;/div&gt;
				&lt;/div&gt;
				&lt;!--Header for large screen --&gt;
				&lt;div class="col-md-12 hidden-xs hidden-sm largeHeader"&gt;
					&lt;div class="col-md-8 col-lg-6 paddingLeft05Em"&gt;
						&lt;div &gt;
							&lt;button disabled id="lgGlobeBtn" name="lgGlobeBtn" class="icn icn-globe globalIconBg" aria-hidden="true"&gt;&lt;/button&gt;
							
							&lt;label id="localeLabel" class="localString"&gt;English-United States&lt;/label&gt;
							
						&lt;/div&gt;
					&lt;/div&gt;
					&lt;div class="col-md-6 col-lg-6 rtPanelHeaderMenu menuLinks text-right"&gt;
						&lt;label &gt; &lt;a href="http://www.grcjourney.com/" target="_blank" rel="noopener noreferrer" class="textDecoration"&gt;GRC Journey&lt;/a&gt;&lt;/label&gt;
						&lt;label class="rtPanelHeaderMenuSeperator" aria-hidden="true"&gt;|&lt;/label&gt;
						&lt;label&gt; &lt;a href="http://www.complianceonline.com/" target="_blank" rel="noopener noreferrer" class="textDecoration"&gt;Training&lt;/a&gt;&lt;/label&gt;
						&lt;label class="rtPanelHeaderMenuSeperator" aria-hidden="true"&gt;|&lt;/label&gt;
						&lt;label&gt; &lt;a href="http://www.metricstream.com/" target="_blank" rel="noopener noreferrer" class="textDecoration"&gt;MetricStream&lt;/a&gt;&lt;/label&gt;
					&lt;/div&gt;
					&lt;div class="col-md-4 hidden-xs hidden-sm rtPanelHeaderMenu menuDropdown text-right"&gt;
					  &lt;div class="dropdown"&gt;
						&lt;button class="dropdown-toggle openLinksBg" data-toggle="dropdown"&gt;&lt;span class="icn icn-ellipsis"&gt;&lt;/span&gt;&lt;/button&gt;
						&lt;ul class="dropdown-menu linksDropdown"&gt;
						  &lt;li&gt;&lt;a href="http://www.grcjourney.com/" target="_blank" rel="noopener noreferrer" class="linkBg"&gt;GRC Journey&lt;/a&gt;&lt;/li&gt;
						  &lt;li&gt;&lt;a href="http://www.complianceonline.com/" target="_blank" rel="noopener noreferrer" class="linkBg"&gt;Training&lt;/a&gt;&lt;/li&gt;
						  &lt;li&gt;&lt;a href="http://www.metricstream.com/" target="_blank" rel="noopener noreferrer" class="linkBg"&gt;MetricStream&lt;/a&gt;&lt;/li&gt;
						&lt;/ul&gt;
					  &lt;/div&gt;
					&lt;/div&gt;
				&lt;/div&gt;
				&lt;!-- Sign In label and Form --&gt;
				&lt;div&gt;
				&lt;p id="announcerPlaceholder" class="sr-only" role="alert" aria-live="assertive" aria-atomic="false"&gt;&lt;/p&gt;
				&lt;p id="error" hidden&gt;Error&lt;/p&gt;
				&lt;form class="rtPanelSignInForm" name="signInForm" id="signInForm" method="post" enctype="application/x-www-form-urlencoded" autocomplete="off" aria-label='Sign-In to M7 Application '  onsubmit="return submitForm();" novalidate  &gt;
					&lt;h1 class="rtPanelSignInHeading"&gt;Sign In&lt;/h1&gt;
					

					&lt;div class="login-float-field-div"&gt;
						&lt;div class="form-group rtPanelUN"&gt;
							&lt;span class="sr-only"&gt;Username&lt;/span&gt;
							&lt;input class="login-input-floating" type="text" id="username" aria-invalid="false" name="username" aria-labelledby="uname" autocomplete="off" autofocus="" aria-required="true" required&gt;
							&lt;label class="login-label-floating login-label-floating-username" id="uname" aria-hidden="true"&gt;Username&lt;/label&gt;
							&lt;label name="usernameErrorLble" hidden="true" class="errorTextBg" id="uname_null"&gt;Please enter your username&lt;/label&gt;
						&lt;/div&gt;


						&lt;div class="form-group rtPanelUN" id="passwordField" style="margin-top: 1%;"&gt;
							&lt;span id="sr-pwd" class="sr-only"&gt;Password&lt;/span&gt;
							&lt;input class="login-input-floating" type="password" id="passwordHolder" aria-invalid="false" aria-labelledby="pwd" name="passwordHolder" aria-required="true" required&gt;

							&lt;input type="hidden" id="password" name="password"&gt;
							&lt;input type="hidden" id="otp" name="otp"&gt;
							&lt;input type="hidden" id="src" name="src"&gt;
							&lt;label class="login-label-floating login-label-floating-password" id="pwd" aria-hidden="true" &gt;Password&lt;/label&gt;
							&lt;label name="passwordErrorLble" hidden="true" id="pwd_null"  class="errorTextBg"&gt;Please enter your password&lt;/label&gt;
						&lt;label name="passwordErrorLble" hidden="true" id="otp_null"  class="errorTextBg"&gt;Please enter your OTP&lt;/label&gt;
						&lt;/div&gt;


						

						&lt;div id="passwordLoginSec" class="form-group rtPanelSubmitBtnPosition"&gt;
							&lt;button id="passwordLoginBtn" type="button" class="btn-signin rtPanelSubmitBtnBg"&gt;Sign In&lt;/button&gt;


						
						&lt;div id="forgotPass" class="forgot-links"&gt;
							&lt;a  href="/metricstream/loginServices/SigninHelpValidate?locale=en_US&amp;forgotOption=uname"&gt; Recover Username &lt;/a&gt;

							&lt;a style="margin-left: 1em;" href="/metricstream/loginServices/SigninHelpValidate?locale=en_US&amp;forgotOption=pwd"&gt; Recover Password &lt;/a&gt;
						&lt;/div&gt;
						

						&lt;/div&gt;
						&lt;div class="alert alert-success" style="margin-left:2em;margin-top:2em;width:75%" role="alert" id="otp_success"&gt;
						&lt;strong&gt;Success&lt;/strong&gt;
						&lt;br&gt;Your request has been processed. A new OTP has been sent to your registered email id
						&lt;/div&gt;
						
					&lt;/div&gt;			
				&lt;/form&gt;
				&lt;div class="copyRightSignIn"&gt;
							&lt;label class="copyRightTextBg"&gt;&amp;copy 2020 MetricStream Inc. All Rights Reserved. 
							&lt;u&gt;&lt;a href="http://www.metricstream.com/about-us/privacy-policy.htm" target="_blank" rel="noopener noreferrer" class="rtPanelPolicyLink"&gt;Privacy Policy&lt;/a&gt;&lt;/u&gt;
							&lt;/label&gt;
				&lt;/div&gt;	
				&lt;/div&gt;
			&lt;/div&gt;		
		&lt;/div&gt;
	&lt;/body&gt;
&lt;/html&gt;', expected: '{'QUESTION-100200','QUESTION-100201','QUESTION-100202','QUESTION-100203'}', reason: actual value is not JSON-like&#13;
	at ✽.And match response $.sectionList[*].questionList[*].questionId contains {'QUESTION-100200','QUESTION-100201','QUESTION-100202','QUESTION-100203'} (Questionnaire.feature:20)&#13;

And match response $.sectionList[*].questionList[*].questionRank contains "1" . skipped</failure>
  </testcase>
  <testcase classname="util.Questionnaire" name="TC02 wrong question" time="4.600108">
    <failure message="Questionnaire.feature:31 - path: $.sectionList[*].questionList[*].questionId, actual: '&lt;html&gt;&#10;&#9;&lt;head&gt;&#10;&#9;&#9;&lt;meta charset=&quot;utf-8&quot;&gt;&#10;&#9;&#9;&lt;meta http-equiv=&quot;X-UA-Compatible&quot; content=&quot;IE=edge&quot;&gt;&#10;&#9;&#9;&lt;meta name=&quot;viewport&quot; content=&quot;width=device-width, height=device-height, initial-scale=1.0&quot;&gt;&#10;&#9;&#9;&lt;title&gt;Signin - MetricStream Enterprise GRC Platform&lt;/title&gt;&#10;&#9;&#9;&lt;link rel=&quot;stylesheet&quot; type=&quot;text/css&quot; href=&quot;/css/signin/signin.css&quot;&gt;&#10;&#9;&#9;&lt;link rel=&quot;stylesheet&quot; type=&quot;text/css&quot; href=&quot;/ui/css/msi.css&quot;&gt;&#10;&#9;&#9;&lt;script src=&quot;/ui/js/libs/jquery/jquery.js&quot;&gt;&lt;/script&gt;&#10;&#9;&#9;&lt;script src=&quot;/ui/js/libs/bootstrap/bootstrap.js&quot;&gt;&lt;/script&gt;&#10;&#9;&#9;&lt;script src=&quot;/ui/js/src/utils/UserLogin.js&quot;&gt;&lt;/script&gt;&#10;&#9;&#9;&#10;&#9;&#9;&#10;&#9;&#9;&#9;&#9;&#10;&#9;&#9;&#13;&#10;&#13;&#10;&#13;&#10;&#13;&#10;&#13;&#10;&#10;&#9;&#9;&#13;&#10;&#10;&#9;&#9;&#10;&#9;&#9;&#10;&#9;&#9;&#10;&#9;&#9;&#10;&#9;&#9;&#10;&#9;&#9;&#10;&#9;&#9;&#10;        &#10;        &#10;        &#10;        &#10;&#9;&#9;&#10;&#10;&#9;&#9;&lt;script type=&quot;text/javascript&quot;&gt;&#10;&#9;&#9;&#9;var nullflag = false;&#10;&#9;&#9;&#9;var interVal = null;&#10;&#9;&#9;&#9;$(function(){&#10;&#9;&#9;&#9;&#9;$(&quot;#username, #passwordHolder&quot;).keyup(function(event) {&#10;&#9;&#9;&#9;&#9;&#9;if (event.keyCode === 13) {&#10;&#9;&#9;&#9;&#9;&#9;&#9;$(&quot;.rtPanelSubmitBtnBg&quot;).click();&#10;&#9;&#9;&#9;&#9;&#9;}&#10;&#9;&#9;&#9;&#9;});&#10;&#9;&#9;&#9;&#9;announcer($('#errorMsgBox').text(),true);&#10;&#9;&#9;&#9;&#9;$('.rtPanelSubmitBtnBg').click(function(event){&#10;&#9;&#9;&#9;&#9;&#9;event.preventDefault(); //this will prevent the default submit&#10;&#9;&#9;&#9;&#9;&#9;var isOtpLogin = $(&quot;#getotp&quot;).is(':checked');&#10;&#9;&#9;&#9;&#9;&#9;var status = false;&#10;&#9;&#9;&#9;&#9;&#9;status = checkUserName(isOtpLogin);&#10;&#9;&#9;&#9;&#9;&#9;if(status){&#10;&#9;&#9;&#9;&#9;&#9;&#9;&#9;$('#signInForm').submit();&#10;&#9;&#9;&#9;&#9;&#9;}&#10;&#9;&#9;&#9;&#9;});&#10;&#9;&#9;&#9;});&#10;&#10;&#9;&#9;&#9;function submitForm(){&#10;&#9;&#9;&#9;&#9;var password = $(&quot;#passwordHolder&quot;);&#10;&#9;&#9;&#9;&#9;var realPassword = $(&quot;#password&quot;);&#10;&#9;&#9;&#9;&#9;var otp = $(&quot;#otp&quot;);&#10;&#9;&#9;&#9;&#9;var src = $(&quot;#src&quot;);&#10;&#9;&#9;&#9;&#9;realPassword.val(password.val());&#10;&#9;&#9;&#9;&#9;password.val('');&#10;&#9;&#9;&#9;&#9;var isOtpLogin = $(&quot;#getotp&quot;).is(':checked');&#10;&#9;&#9;&#9;&#9;if(!isOtpLogin){&#10;&#9;&#9;&#9;&#9;&#9;document.signInForm.action = &quot;/metricstream/auth/basic?locale=en_US&quot;;&#10;&#9;&#9;&#9;&#9;}else{&#10;&#9;&#9;&#9;&#9;&#9;otp.val(realPassword.val())&#10;&#9;&#9;&#9;&#9;&#9;src.val(&quot;login&quot;)&#10;&#9;&#9;&#9;&#9;&#9;password.val('');&#10;&#9;&#9;&#9;&#9;&#9;realPassword.val('');&#10;&#9;&#9;&#9;&#9;&#9;document.signInForm.action = &quot;/metricstream/auth/otp&quot;;&#10;&#9;&#9;&#9;&#9;}&#10;&#9;&#9;&#9;}&#10;&#9;&#9;&#9;function checkUserName(isOtpLogin){&#10;&#9;&#9;&#9;&#9;if(document.getElementById('errorMsgBox')){&#10;&#9;&#9;&#9;&#9;&#9;document.getElementById('errorMsgBox').hidden=true;&#10;&#9;&#9;&#9;&#9;}&#10;&#9;&#9;&#9;&#9;var userName = document.getElementById('username');&#10;&#9;&#9;&#9;&#9;if(userName){&#10;&#9;&#9;&#9;&#9;&#9;var status = false;&#10;&#9;&#9;&#9;&#9;&#9;if (userName.value === &quot;&quot; || userName.value.trim().length === 0) {&#10;&#9;&#9;&#9;&#9;&#9;&#9;applyCSS(&quot;username&quot;, true);&#10;&#9;&#9;&#9;&#9;&#9;&#9;$('#username').attr(&quot;aria-describedby&quot;,&quot;uname_null&quot;);&#10;&#9;&#9;&#9;&#9;&#9;&#9;$('#username').attr(&quot;aria-invalid&quot;,&quot;true&quot;);&#10;&#9;&#9;&#9;&#9;&#9;&#9;$(&quot;#uname_null&quot;).show();&#10;&#9;&#9;&#9;&#9;&#9;&#9;$(&quot;#forgotUname&quot;).css(&quot;margin-top&quot;,&quot;-10px&quot;);&#10;&#9;&#9;&#9;&#9;&#9;&#9;nullflag = true;&#10;&#9;&#9;&#9;&#9;&#9;&#9;$('#username').focus();&#10;&#9;&#9;&#9;&#9;&#9;&#9;checkPassword(isOtpLogin);&#10;&#9;&#9;&#9;&#9;&#9;&#9;status = false; // cancel submission&#10;&#9;&#9;&#9;&#9;&#9;}else if (userName.value || userName.value.length &gt; 0) {&#10;&#9;&#9;&#9;&#9;&#9;&#9;applyCSS(&quot;username&quot;, false);&#10;&#9;&#9;&#9;&#9;&#9;&#9;userName.value = userName.value.trim();&#10;&#9;&#9;&#9;&#9;&#9;&#9;$('#username').removeAttr(&quot;aria-describedby&quot;,&quot;uname_null&quot;);&#10;&#9;&#9;&#9;&#9;&#9;&#9;$('#username').attr(&quot;aria-invalid&quot;,&quot;false&quot;);&#10;&#9;&#9;&#9;&#9;&#9;&#9;nullflag = false;&#10;&#9;&#9;&#9;&#9;&#9;&#9;status = checkPassword(isOtpLogin);&#10;&#9;&#9;&#9;&#9;&#9;}&#10;&#9;&#9;&#9;&#9;&#9;return status;&#10;&#9;&#9;&#9;&#9;}&#10;&#9;&#9;&#9;}&#10;&#10;&#9;&#9;&#9;function checkPassword(isOtpLogin) {&#10;&#9;&#9;&#9;&#9;var password = $(&quot;#passwordHolder&quot;);&#10;&#9;&#9;&#9;&#9;if(password){&#10;&#9;&#9;&#9;&#9;&#9;if (!password.val()) {&#10;&#9;&#9;&#9;&#9;&#9;&#9;applyCSS(&quot;password&quot;, true);&#10;&#9;&#9;&#9;&#9;&#9;&#9;if(!isOtpLogin){&#10;&#9;&#9;&#9;&#9;&#9;&#9;&#9;$('#passwordHolder').attr(&quot;aria-describedby&quot;,&quot;pwd_null&quot;);&#10;&#9;&#9;&#9;&#9;&#9;&#9;&#9;$('#passwordHolder').attr(&quot;aria-invalid&quot;,&quot;true&quot;);&#10;&#9;&#9;&#9;&#9;&#9;&#9;&#9;$(&quot;#pwd_null&quot;).show();&#10;&#9;&#9;&#9;&#9;&#9;&#9;}else{&#10;&#9;&#9;&#9;&#9;&#9;&#9;&#9;$('#passwordHolder').attr(&quot;aria-describedby&quot;,&quot;otp_null&quot;);&#10;&#9;&#9;&#9;&#9;&#9;&#9;&#9;$('#passwordHolder').attr(&quot;aria-invalid&quot;,&quot;true&quot;);&#10;&#9;&#9;&#9;&#9;&#9;&#9;&#9;$(&quot;#otp_null&quot;).show();&#10;&#9;&#9;&#9;&#9;&#9;&#9;}&#10;&#10;&#9;&#9;&#9;&#9;&#9;&#9;if(!nullflag){&#10;&#9;&#9;&#9;&#9;&#9;&#9;&#9;nullflag = true;&#10;&#9;&#9;&#9;&#9;&#9;&#9;&#9;$('#passwordHolder').focus();&#10;&#9;&#9;&#9;&#9;&#9;&#9;}&#10;&#9;&#9;&#9;&#9;&#9;&#9;return false; // cancel submission&#10;&#9;&#9;&#9;&#9;&#9;}else{&#10;&#9;&#9;&#9;&#9;&#9;&#9;applyCSS(&quot;password&quot;, false);&#10;&#9;&#9;&#9;&#9;&#9;&#9;$('#passwordHolder').removeAttr(&quot;aria-describedby&quot;,&quot;pwd_null&quot;);&#10;&#9;&#9;&#9;&#9;&#9;&#9;$('#passwordHolder').attr(&quot;aria-invalid&quot;,&quot;false&quot;);&#10;&#9;&#9;&#9;&#9;&#9;&#9;nullflag = false;&#10;&#9;&#9;&#9;&#9;&#9;&#9;return true;&#10;&#9;&#9;&#9;&#9;&#9;}&#10;&#9;&#9;&#9;&#9;}&#10;&#9;&#9;&#9;}&#10;&#9;&#9;&#9;function applyCSS(field, isError){&#10;&#9;&#9;&#9;&#9;var errorLable = document.getElementsByName(field+&quot;ErrorLble&quot;);&#10;&#9;&#9;&#9;&#9;if(errorLable &amp;&amp; errorLable[0]){&#10;&#9;&#9;&#9;&#9;&#9;errorLable[0].hidden = !isError;&#10;&#9;&#9;&#9;&#9;}&#10;&#9;&#9;&#9;}&#10;&#10;&#9;&#9;&#9;function announcer(message, annoucementEntirety){&#10;&#9;&#9;&#9;&#9;&#9;&#9;&#9;$('#announcerPlaceholder').html('&lt;p&gt;' + message + '&lt;/p&gt;');&#10;&#9;&#9;&#9;                if(annoucementEntirety)&#10;&#9;&#9;&#9;                    $('#announcerPlaceholder').attr('aria-atomic', annoucementEntirety);&#10;&#10;&#9;&#9;&#9;}&#10;&#9;&#9;&#9;function getLocalizedData(){&#10;&#9;&#9;&#9;&#9;var selected_locale = &quot;&quot;;&#10;&#9;&#9;&#9;&#9;if( document.getElementById('locale').hidden){&#10;&#9;&#9;&#9;&#9;&#9;selected_locale = document.getElementById('localeDevice').value;&#10;&#9;&#9;&#9;&#9;}else{&#10;&#9;&#9;&#9;&#9;&#9;selected_locale = document.getElementById('locale').value;&#10;&#9;&#9;&#9;&#9;}&#10;&#9;&#9;&#9;&#9;var url = window.location.href;&#10;&#9;&#9;&#9;&#9;var position = url.indexOf('?');&#10;&#9;&#9;&#9;&#9;if(position &gt; 0){&#10;&#9;&#9;&#9;&#9;&#9;url = url.slice(0,position);&#10;&#9;&#9;&#9;&#9;}&#10;&#9;&#9;&#9;&#9;var action = document.getElementById('action').value;&#10;&#9;&#9;&#9;&#9;if(action !== 'null'){&#10;&#9;&#9;&#9;&#9;&#9;url  = url + '?'+'type='+action;&#10;&#9;&#9;&#9;&#9;}&#10;&#9;&#9;&#9;&#9;document.getElementById('locale').hidden = true;&#10;&#9;&#9;&#9;&#9;if(url.indexOf('?') &gt; 0){&#10;&#9;&#9;&#9;&#9;&#9;url  = url + '&amp;'+'locale='+selected_locale;&#10;&#9;&#9;&#9;&#9;}else{&#10;&#9;&#9;&#9;&#9;&#9;url  = url + '?'+'locale='+selected_locale;&#10;&#9;&#9;&#9;&#9;}&#10;&#9;&#9;&#9;&#9;window.location.href  = url;&#10;&#9;&#9;&#9;}&#10;&#10;&#9;&#9;&#9;function languageSelected(selected_locale){&#10;&#9;&#9;&#9;&#9;var ldapTypeStr = &quot;type=ldap&quot;;&#10;&#9;&#9;&#9;&#9;var localeStr = &quot;locale=&quot;;&#10;&#9;&#9;&#9;&#9;var url = window.location.href;&#10;&#9;&#9;&#9;&#9;if(url.indexOf(localeStr) !== -1){&#10;&#9;&#9;&#9;&#9;&#9;url = url.substring(0, url.indexOf(localeStr));&#10;&#9;&#9;&#9;&#9;}&#10;&#9;&#9;&#9;&#9;if(url.substring(0, url.indexOf(localeStr)) == &quot;&quot; &amp;&amp; url.indexOf(ldapTypeStr) &gt; 0){&#10;&#9;&#9;&#9;&#9;&#9;window.location.href  = url.substring(0, url.indexOf(ldapTypeStr)+ldapTypeStr.length) +'&amp;'+localeStr+selected_locale;&#10;&#9;&#9;&#9;&#9;}else{&#10;&#9;&#9;&#9;&#9;&#9;window.location.href  = url.substring(0, url.indexOf('?'+localeStr)) + '?'+localeStr+selected_locale;&#10;&#9;&#9;&#9;&#9;}&#10;&#10;&#9;&#9;&#9;}&#10;&#9;&#9;&#9;function localekeyhandle(e){&#10;&#9;&#9;&#9;&#9;if(e.which !== 32 &amp;&amp; e.which !== 9){&#10;&#9;&#9;&#9;&#9;&#9;e.preventDefault();&#10;&#9;&#9;&#9;&#9;}&#10;&#10;&#9;&#9;&#9;}&#10;&#10;&#9;&#9;&#9;function otpGeneration(){&#10;&#9;&#9;&#9;&#9;var uname = $(&quot;#username&quot;).val();&#10;&#9;&#9;&#9;&#9;&#9;&#9;if(uname ===&quot;&quot; || uname===null){&#10;&#9;&#9;&#9;&#9;&#9;&#9;&#9;$(&quot;#getotp&quot;).prop('checked', false);&#10;&#9;&#9;&#9;&#9;&#9;&#9;&#9;$(&quot;#uname_null&quot;).show();&#10;&#9;&#9;&#9;&#9;&#9;&#9;&#9;$(&quot;#forgotUname&quot;).css(&quot;margin-top&quot;,&quot;-10px&quot;);&#10;&#9;&#9;&#9;&#9;&#9;&#9;&#9;nullflag = true;&#10;&#9;&#9;&#9;&#9;&#9;&#9;&#9;$('#username').focus();&#10;&#9;&#9;&#9;&#9;&#9;&#9;}else{&#10;&#9;&#9;&#9;&#9;&#9;&#9;&#9;$(&quot;#uname_null&quot;).hide();&#10;&#9;&#9;&#9;&#9;&#9;&#9;&#9;$(&quot;#forgotPass&quot;).hide();&#10;&#9;&#9;&#9;&#9;&#9;&#9;&#9;$(&quot;#pwd&quot;).text(&quot;OTP&quot;);&#10;&#9;&#9;&#9;&#9;&#9;&#9;&#9;$(&quot;#sr-pwd&quot;).text(&quot;OTP&quot;);&#10;&#9;&#9;&#9;&#9;&#9;&#9;&#9;$.ajax({&#10;&#9;&#9;&#9;&#9;&#9;&#9;&#9;&#9;  type: &quot;POST&quot;,&#10;&#9;&#9;&#9;&#9;&#9;&#9;&#9;&#9;  url: &quot;/metricstream/auth/otp&quot;,&#10;&#9;&#9;&#9;&#9;&#9;&#9;&#9;&#9;  data: { username: $(&quot;#username&quot;).val(), src:&quot;login&quot;},&#10;&#9;&#9;&#9;&#9;&#9;&#9;&#9;&#9;  cache: false,&#10;&#9;&#9;&#9;&#9;&#9;&#9;&#9;&#9;  success: function(data){&#10;&#9;&#9;&#9;&#9;&#9;&#9;&#9;&#9;  },&#10;&#9;&#9;&#9;&#9;&#9;&#9;&#9;&#9;  complete:function(data){&#10;&#9;&#9;&#9;&#9;&#9;&#9;&#9;&#9;&#9;&#9;  startTimer(2, 'timer');&#10;&#9;&#9;&#9;&#9;&#9;&#9;&#9;&#9;&#9;&#9;  $('#otp_success').show();&#10;&#9;&#9;&#9;&#9;&#9;&#9;&#9;&#9;&#9;&#9;  $('#otp_success').focus();&#10;&#9;&#9;&#9;&#9;&#9;&#9;&#9;&#9;&#9;&#9;  announcer($('#otp_success').text(),true);&#10;&#9;&#9;&#9;&#9;&#9;&#9;&#9;&#9;&#9;&#9;  $('#passwordHolder').val('');&#10;&#9;&#9;&#9;&#9;&#9;&#9;&#9;&#9;&#9;&#9;  $(&quot;#pwd_null&quot;).hide();&#10;&#9;&#9;&#9;&#9;&#9;&#9;&#9;&#9;&#9;&#9;  $('#passwordHolder').focus();&#10;&#9;&#9;&#9;&#9;&#9;&#9;&#9;&#9;  },&#10;&#9;&#9;&#9;&#9;&#9;&#9;&#9;&#9;  error:function(error){&#10;&#9;&#9;&#9;&#9;&#9;&#9;&#9;&#9;  }&#10;&#9;&#9;&#9;&#9;&#9;&#9;&#9;});&#10;&#9;&#9;&#9;&#9;&#9;&#9;}&#10;&#9;&#9;&#9;}&#10;&#10;&#9;&#9;&#9;$(function(){&#10;&#9;&#9;&#9;&#9;$(&quot;#otp_success&quot;).hide();&#10;&#10;&#9;&#9;&#9;&#9;$(&quot;#username&quot;).on('change', function(event){&#10;&#9;&#9;&#9;&#9;&#9;&#9;document.getElementById(&quot;timer&quot;).innerHTML='';&#10;&#9;&#9;&#9;&#9;&#9;&#9;clearInterval(interVal);&#10;&#9;&#9;&#9;&#9;&#9;&#9;$(&quot;#otp_success&quot;).hide();&#10;&#9;&#9;&#9;&#9;&#9;&#9;$(&quot;#getotp&quot;).prop('checked', false);&#10;&#9;&#9;&#9;&#9;&#9;&#9;$(&quot;#forgotPass&quot;).show();&#10;&#9;&#9;&#9;&#9;&#9;&#9;$(&quot;#pwd&quot;).text(&quot;Password&quot;);&#10;&#9;&#9;&#9;&#9;&#9;&#9;$(&quot;#sr-pwd&quot;).text(&quot;Password&quot;);&#10;&#9;&#9;&#9;&#9;});&#10;&#10;&#9;&#9;&#9;&#9;$('#getotp').on('click',function(){&#10;&#9;&#9;&#9;&#9;&#9;if($(&quot;#getotp&quot;).is(':checked')===true){&#10;&#9;&#9;&#9;&#9;&#9;&#9;otpGeneration();&#10;&#9;&#9;&#9;&#9;&#9;}else{&#10;&#9;&#9;&#9;&#9;&#9;&#9;document.getElementById(&quot;timer&quot;).innerHTML='';&#10;&#9;&#9;&#9;&#9;&#9;&#9;clearInterval(interVal);&#10;&#9;&#9;&#9;&#9;&#9;&#9;$(&quot;#pwd&quot;).text(&quot;Password&quot;);&#10;&#9;&#9;&#9;&#9;&#9;&#9;$(&quot;#sr-pwd&quot;).text(&quot;Password&quot;);&#10;&#9;&#9;&#9;&#9;&#9;&#9;$(&quot;#otp_success&quot;).hide();&#10;&#9;&#9;&#9;&#9;&#9;&#9;$(&quot;#forgotPass&quot;).show();&#10;&#9;&#9;&#9;&#9;&#9;&#9;$(&quot;#otp_null&quot;).hide();&#10;&#9;&#9;&#9;&#9;&#9;}&#10;&#9;&#9;&#9;&#9;});&#10;&#10;&#9;&#9;&#9;&#9;$(document.body).on('click','#getotplink', function(e) {&#10;&#9;&#9;&#9;&#9;&#9;otpGeneration();&#10;&#9;&#9;&#9;&#9;});&#10;&#10;&#9;&#9;&#9;});&#10;&#10;&#9;&#9;&#9;function startTimer(minutes, dom) {&#10;&#9;&#9;&#9;&#9;var duration = 60 * minutes;&#10;&#9;&#9;&#9;&#9;display = document.querySelector('#' + dom);&#10;&#9;&#9;&#9;&#9;var timer = duration, minutes, seconds;&#10;&#9;&#9;&#9;&#9;interVal = setInterval(function () {&#10;&#9;&#9;&#9;&#9;&#9;&#9;&#9;&#9;minutes = parseInt(timer / 60, 10);&#10;&#9;&#9;&#9;&#9;&#9;&#9;&#9;&#9;seconds = parseInt(timer % 60, 10);&#10;&#9;&#9;&#9;&#9;&#9;&#9;&#9;&#9;minutes = minutes &lt; 10 ? &quot;0&quot; + minutes : minutes;&#10;&#9;&#9;&#9;&#9;&#9;&#9;&#9;&#9;seconds = seconds &lt; 10 ? &quot;0&quot; + seconds : seconds;&#10;&#9;&#9;&#9;&#9;&#9;&#9;&#9;&#9;//display.textContent = minutes + &quot;:&quot; + seconds;&#10;&#9;&#9;&#9;&#9;&#9;&#9;&#9;&#9;document.getElementById(dom).innerHTML=&quot;&lt;p&gt;Please wait for &quot; + minutes + &quot;minutes &quot; + seconds + &quot;seconds to get resend OTP link.&lt;/p&gt;&quot;;&#10;&#9;&#9;&#9;&#9;&#9;&#9;&#9;&#9;if (--timer &lt; 0) {&#10;&#9;&#9;&#9;&#9;&#9;&#9;&#9;&#9;&#9;clearInterval(interVal);&#10;&#9;&#9;&#9;&#9;&#9;&#9;&#9;&#9;&#9;document.getElementById(dom).innerHTML=&quot;&lt;p&gt;Didn't receive OTP yet? &lt;a id='getotplink'&gt;Resend OTP&lt;/a&gt;&lt;/p&gt;&quot;;&#10;&#9;&#9;&#9;&#9;&#9;&#9;&#9;&#9;&#9;$(&quot;#otp_success&quot;).hide();&#10;&#9;&#9;&#9;&#9;&#9;&#9;&#9;&#9;}&#10;&#9;&#9;&#9;&#9;&#9;&#9;&#9;&#9;}, 1000);&#10;&#9;&#9;&#9;}&#10;        &lt;/script&gt;&#10;&#9;&lt;/head&gt;&#10;&#9;&lt;body&gt;&#10;&#9;&#9;&lt;div id=&quot;mainPanel&quot;&gt;&#10;&#9;&#9;&#9;&lt;input type=&quot;hidden&quot; name=&quot;action&quot; id=&quot;action&quot; value=&quot;null&quot;&gt;&#10;&#9;&#9;&#9;&lt;div  id=&quot;leftPanel&quot; class=&quot;col-md-6 col-sm-6 hidden-xs hidden-sm leftPanelBg&quot;&gt;&#10;&#9;&#9;&#9;&#9;&lt;div class=&quot;container col-md-12 paddingTop5Em&quot;&gt;&#10;&#9;&#9;&#9;&#9;&#9;&lt;div class=&quot;col-md-2&quot;&gt;&lt;/div&gt;&#10;&#9;&#9;&#9;&#9;&#9;&lt;div class=&quot;col-md-8 lftPanelLogoBg&quot;&gt;&#10;&#9;&#9;&#9;&#9;&#9;&#9;&lt;label&gt;&lt;font&gt;&lt;img class=&quot;lftPanelLogoImage&quot; src=&quot;/images/signin/msi_logo_white.png&quot; alt='MetricStream Logo' aria-label='MetricStream Logo'&gt;&lt;/font&gt;&#10;&#9;&#9;&#9;&#9;&#9;&#9;&lt;/label&gt;&#10;&#9;&#9;&#9;&#9;&#9;&lt;/div&gt;&#10;&#9;&#9;&#9;&#9;&#9;&lt;div class=&quot;col-md-2&quot;&gt;&lt;/div&gt;&#10;&#9;&#9;&#9;&#9;&lt;/div&gt;&#10;&#9;&#9;&#9;&#9;&lt;div class=&quot;text-align-center&quot;&gt;&#10;&#9;&#9;&#9;&#9;&#9;&lt;label&gt;&lt;font class=&quot;lftPanelHeadingTxtBg&quot;&gt;GRC Solutions for the &lt;br&gt;Enterprise of Tomorrow&lt;/font&gt;&lt;/label&gt;&#10;&#9;&#9;&#9;&#9;&lt;/div&gt;&#10;&#9;&#9;&#9;&#9;&lt;div class=&quot;homePageContent&quot;&gt;&#10;&#9;&#9;&#9;&#9;&#9;&lt;label &gt;&lt;font class=&quot;lftPanelBodyTxtBg&quot;&gt;MetricStream's extensive range of GRC Apps enables you to &lt;br&gt; manage your risks, compliance and governance activities in a &lt;br&gt;holistic, consistent and efficient manner.&lt;/font&gt;&lt;/label&gt;&#10;&#9;&#9;&#9;&#9;&lt;/div&gt;&#10;&#9;&#9;&#9;&#9;&lt;br&gt;&#10;&#9;&#9;&#9;&#9;&lt;div class=&quot;container col-md-12 paddingTop3EM&quot; &gt;&#10;&#9;&#9;&#9;&#9;&#9;&lt;div class=&quot;col-md-2&quot;&gt; &lt;/div&gt;&#10;&#9;&#9;&#9;&#9;&#9;&lt;div class=&quot;col-md-8 text-align-center&quot; &gt;&#10;&#9;&#9;&#9;&#9;&#9;&#9;&lt;img style=&quot;width:70%;&quot; src=&quot;/images/signin/login-icons.png&quot; aria-hidden=&quot;true&quot; alt='MetricStream Icon' aria-label='MetricStream Icon' &gt;&#10;&#9;&#9;&#9;&#9;&#9;&lt;/div&gt;&#10;&#9;&#9;&#9;&#9;&#9;&lt;div class=&quot;col-md-2&quot;&gt; &lt;/div&gt;&#10;&#10;&#9;&#9;&#9;&#9;&lt;/div&gt;&#10;&#9;&#9;&#9;&lt;/div&gt;&#10;&#9;&#9;&#9;&lt;div id=&quot;rightPanel&quot; class=&quot;col-sm-6 col-lg-6 col-md-6 rtPanelBg&quot;&gt;&#10;&#9;&#9;&#9;&#9;&lt;!--Header for small device --&gt;&#10;&#9;&#9;&#9;&#9;&lt;div class=&quot;col-sm-6 col-md-6 col-lg-6 hidden-lg hidden-md smallHeader&quot;&gt;&#10;&#9;&#9;&#9;&#9;&#9;&lt;div class=&quot;row&quot; style=&quot;background-color:#006DB7; flex-direction: row;justify-content: space-between; align-items: center;height:50px;&quot;&gt;&#10;&#9;&#9;&#9;&#9;&#9;&#9;&lt;div class=&quot;col-sm-10 smLeftHeaderWidth&quot;&gt;&#10;&#9;&#9;&#9;&#9;&#9;&#9;&#9;&lt;img class=&quot;lftPanelSmallDeviceLogoImage&quot; src=&quot;/images/signin/msi_logo_white.png&quot;&gt;&#10;&#9;&#9;&#9;&#9;&#9;&#9;&lt;/div&gt;&#10;&#9;&#9;&#9;&#9;&#9;&#9;&lt;!-- Logo for small device--&gt;&#10;&#9;&#9;&#9;&#9;&#9;&#9;&lt;div class=&quot;col-sm-2 globalIconSmallDeviceDivBg smRightHeaderWidth&quot;&gt;&#10;&#9;&#9;&#9;&#9;&#9;&#9;&#9;&lt;button class=&quot;dropdown-toggle globalIconBtnSmallDeviceBg&quot; data-toggle=&quot;dropdown&quot;&gt;&lt;span class=&quot;icn icn-globe globalIconBtnSmallDeviceBg&quot;&gt;&lt;/span&gt;&lt;/button&gt;&#10;&#9;&#9;&#9;&#9;&#9;&#9;&#9;&lt;ul class=&quot;dropdown-menu localeItemDropDownUL&quot;&gt;&#10;&#9;&#9;&#9;&#9;&#9;&#9;&#9;&#9;&#10;&#9;&#9;&#9;&#9;&#9;&#9;&#9;&lt;/ul&gt;&#10;&#9;&#9;&#9;&#9;&#9;&#9;&lt;/div&gt;&#10;&#9;&#9;&#9;&#9;&#9;&lt;/div&gt;&#10;&#9;&#9;&#9;&#9;&lt;/div&gt;&#10;&#9;&#9;&#9;&#9;&lt;!--Header for large screen --&gt;&#10;&#9;&#9;&#9;&#9;&lt;div class=&quot;col-md-12 hidden-xs hidden-sm largeHeader&quot;&gt;&#10;&#9;&#9;&#9;&#9;&#9;&lt;div class=&quot;col-md-8 col-lg-6 paddingLeft05Em&quot;&gt;&#10;&#9;&#9;&#9;&#9;&#9;&#9;&lt;div &gt;&#10;&#9;&#9;&#9;&#9;&#9;&#9;&#9;&lt;button disabled id=&quot;lgGlobeBtn&quot; name=&quot;lgGlobeBtn&quot; class=&quot;icn icn-globe globalIconBg&quot; aria-hidden=&quot;true&quot;&gt;&lt;/button&gt;&#10;&#9;&#9;&#9;&#9;&#9;&#9;&#9;&#10;&#9;&#9;&#9;&#9;&#9;&#9;&#9;&lt;label id=&quot;localeLabel&quot; class=&quot;localString&quot;&gt;English-United States&lt;/label&gt;&#10;&#9;&#9;&#9;&#9;&#9;&#9;&#9;&#10;&#9;&#9;&#9;&#9;&#9;&#9;&lt;/div&gt;&#10;&#9;&#9;&#9;&#9;&#9;&lt;/div&gt;&#10;&#9;&#9;&#9;&#9;&#9;&lt;div class=&quot;col-md-6 col-lg-6 rtPanelHeaderMenu menuLinks text-right&quot;&gt;&#10;&#9;&#9;&#9;&#9;&#9;&#9;&lt;label &gt; &lt;a href=&quot;http://www.grcjourney.com/&quot; target=&quot;_blank&quot; rel=&quot;noopener noreferrer&quot; class=&quot;textDecoration&quot;&gt;GRC Journey&lt;/a&gt;&lt;/label&gt;&#10;&#9;&#9;&#9;&#9;&#9;&#9;&lt;label class=&quot;rtPanelHeaderMenuSeperator&quot; aria-hidden=&quot;true&quot;&gt;|&lt;/label&gt;&#10;&#9;&#9;&#9;&#9;&#9;&#9;&lt;label&gt; &lt;a href=&quot;http://www.complianceonline.com/&quot; target=&quot;_blank&quot; rel=&quot;noopener noreferrer&quot; class=&quot;textDecoration&quot;&gt;Training&lt;/a&gt;&lt;/label&gt;&#10;&#9;&#9;&#9;&#9;&#9;&#9;&lt;label class=&quot;rtPanelHeaderMenuSeperator&quot; aria-hidden=&quot;true&quot;&gt;|&lt;/label&gt;&#10;&#9;&#9;&#9;&#9;&#9;&#9;&lt;label&gt; &lt;a href=&quot;http://www.metricstream.com/&quot; target=&quot;_blank&quot; rel=&quot;noopener noreferrer&quot; class=&quot;textDecoration&quot;&gt;MetricStream&lt;/a&gt;&lt;/label&gt;&#10;&#9;&#9;&#9;&#9;&#9;&lt;/div&gt;&#10;&#9;&#9;&#9;&#9;&#9;&lt;div class=&quot;col-md-4 hidden-xs hidden-sm rtPanelHeaderMenu menuDropdown text-right&quot;&gt;&#10;&#9;&#9;&#9;&#9;&#9;  &lt;div class=&quot;dropdown&quot;&gt;&#10;&#9;&#9;&#9;&#9;&#9;&#9;&lt;button class=&quot;dropdown-toggle openLinksBg&quot; data-toggle=&quot;dropdown&quot;&gt;&lt;span class=&quot;icn icn-ellipsis&quot;&gt;&lt;/span&gt;&lt;/button&gt;&#10;&#9;&#9;&#9;&#9;&#9;&#9;&lt;ul class=&quot;dropdown-menu linksDropdown&quot;&gt;&#10;&#9;&#9;&#9;&#9;&#9;&#9;  &lt;li&gt;&lt;a href=&quot;http://www.grcjourney.com/&quot; target=&quot;_blank&quot; rel=&quot;noopener noreferrer&quot; class=&quot;linkBg&quot;&gt;GRC Journey&lt;/a&gt;&lt;/li&gt;&#10;&#9;&#9;&#9;&#9;&#9;&#9;  &lt;li&gt;&lt;a href=&quot;http://www.complianceonline.com/&quot; target=&quot;_blank&quot; rel=&quot;noopener noreferrer&quot; class=&quot;linkBg&quot;&gt;Training&lt;/a&gt;&lt;/li&gt;&#10;&#9;&#9;&#9;&#9;&#9;&#9;  &lt;li&gt;&lt;a href=&quot;http://www.metricstream.com/&quot; target=&quot;_blank&quot; rel=&quot;noopener noreferrer&quot; class=&quot;linkBg&quot;&gt;MetricStream&lt;/a&gt;&lt;/li&gt;&#10;&#9;&#9;&#9;&#9;&#9;&#9;&lt;/ul&gt;&#10;&#9;&#9;&#9;&#9;&#9;  &lt;/div&gt;&#10;&#9;&#9;&#9;&#9;&#9;&lt;/div&gt;&#10;&#9;&#9;&#9;&#9;&lt;/div&gt;&#10;&#9;&#9;&#9;&#9;&lt;!-- Sign In label and Form --&gt;&#10;&#9;&#9;&#9;&#9;&lt;div&gt;&#10;&#9;&#9;&#9;&#9;&lt;p id=&quot;announcerPlaceholder&quot; class=&quot;sr-only&quot; role=&quot;alert&quot; aria-live=&quot;assertive&quot; aria-atomic=&quot;false&quot;&gt;&lt;/p&gt;&#10;&#9;&#9;&#9;&#9;&lt;p id=&quot;error&quot; hidden&gt;Error&lt;/p&gt;&#10;&#9;&#9;&#9;&#9;&lt;form class=&quot;rtPanelSignInForm&quot; name=&quot;signInForm&quot; id=&quot;signInForm&quot; method=&quot;post&quot; enctype=&quot;application/x-www-form-urlencoded&quot; autocomplete=&quot;off&quot; aria-label='Sign-In to M7 Application '  onsubmit=&quot;return submitForm();&quot; novalidate  &gt;&#10;&#9;&#9;&#9;&#9;&#9;&lt;h1 class=&quot;rtPanelSignInHeading&quot;&gt;Sign In&lt;/h1&gt;&#10;&#9;&#9;&#9;&#9;&#9;&#10;&#10;&#9;&#9;&#9;&#9;&#9;&lt;div class=&quot;login-float-field-div&quot;&gt;&#10;&#9;&#9;&#9;&#9;&#9;&#9;&lt;div class=&quot;form-group rtPanelUN&quot;&gt;&#10;&#9;&#9;&#9;&#9;&#9;&#9;&#9;&lt;span class=&quot;sr-only&quot;&gt;Username&lt;/span&gt;&#10;&#9;&#9;&#9;&#9;&#9;&#9;&#9;&lt;input class=&quot;login-input-floating&quot; type=&quot;text&quot; id=&quot;username&quot; aria-invalid=&quot;false&quot; name=&quot;username&quot; aria-labelledby=&quot;uname&quot; autocomplete=&quot;off&quot; autofocus=&quot;&quot; aria-required=&quot;true&quot; required&gt;&#10;&#9;&#9;&#9;&#9;&#9;&#9;&#9;&lt;label class=&quot;login-label-floating login-label-floating-username&quot; id=&quot;uname&quot; aria-hidden=&quot;true&quot;&gt;Username&lt;/label&gt;&#10;&#9;&#9;&#9;&#9;&#9;&#9;&#9;&lt;label name=&quot;usernameErrorLble&quot; hidden=&quot;true&quot; class=&quot;errorTextBg&quot; id=&quot;uname_null&quot;&gt;Please enter your username&lt;/label&gt;&#10;&#9;&#9;&#9;&#9;&#9;&#9;&lt;/div&gt;&#10;&#10;&#10;&#9;&#9;&#9;&#9;&#9;&#9;&lt;div class=&quot;form-group rtPanelUN&quot; id=&quot;passwordField&quot; style=&quot;margin-top: 1%;&quot;&gt;&#10;&#9;&#9;&#9;&#9;&#9;&#9;&#9;&lt;span id=&quot;sr-pwd&quot; class=&quot;sr-only&quot;&gt;Password&lt;/span&gt;&#10;&#9;&#9;&#9;&#9;&#9;&#9;&#9;&lt;input class=&quot;login-input-floating&quot; type=&quot;password&quot; id=&quot;passwordHolder&quot; aria-invalid=&quot;false&quot; aria-labelledby=&quot;pwd&quot; name=&quot;passwordHolder&quot; aria-required=&quot;true&quot; required&gt;&#10;&#10;&#9;&#9;&#9;&#9;&#9;&#9;&#9;&lt;input type=&quot;hidden&quot; id=&quot;password&quot; name=&quot;password&quot;&gt;&#10;&#9;&#9;&#9;&#9;&#9;&#9;&#9;&lt;input type=&quot;hidden&quot; id=&quot;otp&quot; name=&quot;otp&quot;&gt;&#10;&#9;&#9;&#9;&#9;&#9;&#9;&#9;&lt;input type=&quot;hidden&quot; id=&quot;src&quot; name=&quot;src&quot;&gt;&#10;&#9;&#9;&#9;&#9;&#9;&#9;&#9;&lt;label class=&quot;login-label-floating login-label-floating-password&quot; id=&quot;pwd&quot; aria-hidden=&quot;true&quot; &gt;Password&lt;/label&gt;&#10;&#9;&#9;&#9;&#9;&#9;&#9;&#9;&lt;label name=&quot;passwordErrorLble&quot; hidden=&quot;true&quot; id=&quot;pwd_null&quot;  class=&quot;errorTextBg&quot;&gt;Please enter your password&lt;/label&gt;&#10;&#9;&#9;&#9;&#9;&#9;&#9;&lt;label name=&quot;passwordErrorLble&quot; hidden=&quot;true&quot; id=&quot;otp_null&quot;  class=&quot;errorTextBg&quot;&gt;Please enter your OTP&lt;/label&gt;&#10;&#9;&#9;&#9;&#9;&#9;&#9;&lt;/div&gt;&#10;&#10;&#10;&#9;&#9;&#9;&#9;&#9;&#9;&#10;&#10;&#9;&#9;&#9;&#9;&#9;&#9;&lt;div id=&quot;passwordLoginSec&quot; class=&quot;form-group rtPanelSubmitBtnPosition&quot;&gt;&#10;&#9;&#9;&#9;&#9;&#9;&#9;&#9;&lt;button id=&quot;passwordLoginBtn&quot; type=&quot;button&quot; class=&quot;btn-signin rtPanelSubmitBtnBg&quot;&gt;Sign In&lt;/button&gt;&#10;&#10;&#10;&#9;&#9;&#9;&#9;&#9;&#9;&#10;&#9;&#9;&#9;&#9;&#9;&#9;&lt;div id=&quot;forgotPass&quot; class=&quot;forgot-links&quot;&gt;&#10;&#9;&#9;&#9;&#9;&#9;&#9;&#9;&lt;a  href=&quot;/metricstream/loginServices/SigninHelpValidate?locale=en_US&amp;forgotOption=uname&quot;&gt; Recover Username &lt;/a&gt;&#10;&#10;&#9;&#9;&#9;&#9;&#9;&#9;&#9;&lt;a style=&quot;margin-left: 1em;&quot; href=&quot;/metricstream/loginServices/SigninHelpValidate?locale=en_US&amp;forgotOption=pwd&quot;&gt; Recover Password &lt;/a&gt;&#10;&#9;&#9;&#9;&#9;&#9;&#9;&lt;/div&gt;&#10;&#9;&#9;&#9;&#9;&#9;&#9;&#10;&#10;&#9;&#9;&#9;&#9;&#9;&#9;&lt;/div&gt;&#10;&#9;&#9;&#9;&#9;&#9;&#9;&lt;div class=&quot;alert alert-success&quot; style=&quot;margin-left:2em;margin-top:2em;width:75%&quot; role=&quot;alert&quot; id=&quot;otp_success&quot;&gt;&#10;&#9;&#9;&#9;&#9;&#9;&#9;&lt;strong&gt;Success&lt;/strong&gt;&#10;&#9;&#9;&#9;&#9;&#9;&#9;&lt;br&gt;Your request has been processed. A new OTP has been sent to your registered email id&#10;&#9;&#9;&#9;&#9;&#9;&#9;&lt;/div&gt;&#10;&#9;&#9;&#9;&#9;&#9;&#9;&#10;&#9;&#9;&#9;&#9;&#9;&lt;/div&gt;&#9;&#9;&#9;&#10;&#9;&#9;&#9;&#9;&lt;/form&gt;&#10;&#9;&#9;&#9;&#9;&lt;div class=&quot;copyRightSignIn&quot;&gt;&#10;&#9;&#9;&#9;&#9;&#9;&#9;&#9;&lt;label class=&quot;copyRightTextBg&quot;&gt;&amp;copy 2020 MetricStream Inc. All Rights Reserved. &#10;&#9;&#9;&#9;&#9;&#9;&#9;&#9;&lt;u&gt;&lt;a href=&quot;http://www.metricstream.com/about-us/privacy-policy.htm&quot; target=&quot;_blank&quot; rel=&quot;noopener noreferrer&quot; class=&quot;rtPanelPolicyLink&quot;&gt;Privacy Policy&lt;/a&gt;&lt;/u&gt;&#10;&#9;&#9;&#9;&#9;&#9;&#9;&#9;&lt;/label&gt;&#10;&#9;&#9;&#9;&#9;&lt;/div&gt;&#9;&#10;&#9;&#9;&#9;&#9;&lt;/div&gt;&#10;&#9;&#9;&#9;&lt;/div&gt;&#9;&#9;&#10;&#9;&#9;&lt;/div&gt;&#10;&#9;&lt;/body&gt;&#10;&lt;/html&gt;', expected: '{'QUESTION-100200','QUESTION-100201','QUESTION-100202','QUESTION-100203'}', reason: actual value is not JSON-like">* url 'https://icrreg2.rnd.metricstream.com/' ............................. passed
* def signIn = callonce read('util/signin.feature') ....................... passed
* def cooky = signIn.cooky ................................................ passed
* def db = signIn.db ...................................................... passed
* def contactName = signIn.contactName .................................... passed
* configure cookies = cooky ............................................... passed
Given path '/metricstream/api/7.0/icr/questionnaire/Questionnaire-100200' . passed
When method Get ........................................................... passed
Then status 200 ........................................................... passed
And match response $.sectionList[*].questionList[*].questionId contains {'QUESTION-100200','QUESTION-100201','QUESTION-100202','QUESTION-100203'} . failed

Stack Trace:
com.intuit.karate.exception.KarateException: Questionnaire.feature:20 - path: $.sectionList[*].questionList[*].questionId, actual: '&lt;html&gt;
	&lt;head&gt;
		&lt;meta charset="utf-8"&gt;
		&lt;meta http-equiv="X-UA-Compatible" content="IE=edge"&gt;
		&lt;meta name="viewport" content="width=device-width, height=device-height, initial-scale=1.0"&gt;
		&lt;title&gt;Signin - MetricStream Enterprise GRC Platform&lt;/title&gt;
		&lt;link rel="stylesheet" type="text/css" href="/css/signin/signin.css"&gt;
		&lt;link rel="stylesheet" type="text/css" href="/ui/css/msi.css"&gt;
		&lt;script src="/ui/js/libs/jquery/jquery.js"&gt;&lt;/script&gt;
		&lt;script src="/ui/js/libs/bootstrap/bootstrap.js"&gt;&lt;/script&gt;
		&lt;script src="/ui/js/src/utils/UserLogin.js"&gt;&lt;/script&gt;
		
		
				
		&#13;
&#13;
&#13;
&#13;
&#13;

		&#13;

		
		
		
		
		
		
		
        
        
        
        
		

		&lt;script type="text/javascript"&gt;
			var nullflag = false;
			var interVal = null;
			$(function(){
				$("#username, #passwordHolder").keyup(function(event) {
					if (event.keyCode === 13) {
						$(".rtPanelSubmitBtnBg").click();
					}
				});
				announcer($('#errorMsgBox').text(),true);
				$('.rtPanelSubmitBtnBg').click(function(event){
					event.preventDefault(); //this will prevent the default submit
					var isOtpLogin = $("#getotp").is(':checked');
					var status = false;
					status = checkUserName(isOtpLogin);
					if(status){
							$('#signInForm').submit();
					}
				});
			});

			function submitForm(){
				var password = $("#passwordHolder");
				var realPassword = $("#password");
				var otp = $("#otp");
				var src = $("#src");
				realPassword.val(password.val());
				password.val('');
				var isOtpLogin = $("#getotp").is(':checked');
				if(!isOtpLogin){
					document.signInForm.action = "/metricstream/auth/basic?locale=en_US";
				}else{
					otp.val(realPassword.val())
					src.val("login")
					password.val('');
					realPassword.val('');
					document.signInForm.action = "/metricstream/auth/otp";
				}
			}
			function checkUserName(isOtpLogin){
				if(document.getElementById('errorMsgBox')){
					document.getElementById('errorMsgBox').hidden=true;
				}
				var userName = document.getElementById('username');
				if(userName){
					var status = false;
					if (userName.value === "" || userName.value.trim().length === 0) {
						applyCSS("username", true);
						$('#username').attr("aria-describedby","uname_null");
						$('#username').attr("aria-invalid","true");
						$("#uname_null").show();
						$("#forgotUname").css("margin-top","-10px");
						nullflag = true;
						$('#username').focus();
						checkPassword(isOtpLogin);
						status = false; // cancel submission
					}else if (userName.value || userName.value.length &gt; 0) {
						applyCSS("username", false);
						userName.value = userName.value.trim();
						$('#username').removeAttr("aria-describedby","uname_null");
						$('#username').attr("aria-invalid","false");
						nullflag = false;
						status = checkPassword(isOtpLogin);
					}
					return status;
				}
			}

			function checkPassword(isOtpLogin) {
				var password = $("#passwordHolder");
				if(password){
					if (!password.val()) {
						applyCSS("password", true);
						if(!isOtpLogin){
							$('#passwordHolder').attr("aria-describedby","pwd_null");
							$('#passwordHolder').attr("aria-invalid","true");
							$("#pwd_null").show();
						}else{
							$('#passwordHolder').attr("aria-describedby","otp_null");
							$('#passwordHolder').attr("aria-invalid","true");
							$("#otp_null").show();
						}

						if(!nullflag){
							nullflag = true;
							$('#passwordHolder').focus();
						}
						return false; // cancel submission
					}else{
						applyCSS("password", false);
						$('#passwordHolder').removeAttr("aria-describedby","pwd_null");
						$('#passwordHolder').attr("aria-invalid","false");
						nullflag = false;
						return true;
					}
				}
			}
			function applyCSS(field, isError){
				var errorLable = document.getElementsByName(field+"ErrorLble");
				if(errorLable &amp;&amp; errorLable[0]){
					errorLable[0].hidden = !isError;
				}
			}

			function announcer(message, annoucementEntirety){
							$('#announcerPlaceholder').html('&lt;p&gt;' + message + '&lt;/p&gt;');
			                if(annoucementEntirety)
			                    $('#announcerPlaceholder').attr('aria-atomic', annoucementEntirety);

			}
			function getLocalizedData(){
				var selected_locale = "";
				if( document.getElementById('locale').hidden){
					selected_locale = document.getElementById('localeDevice').value;
				}else{
					selected_locale = document.getElementById('locale').value;
				}
				var url = window.location.href;
				var position = url.indexOf('?');
				if(position &gt; 0){
					url = url.slice(0,position);
				}
				var action = document.getElementById('action').value;
				if(action !== 'null'){
					url  = url + '?'+'type='+action;
				}
				document.getElementById('locale').hidden = true;
				if(url.indexOf('?') &gt; 0){
					url  = url + '&amp;'+'locale='+selected_locale;
				}else{
					url  = url + '?'+'locale='+selected_locale;
				}
				window.location.href  = url;
			}

			function languageSelected(selected_locale){
				var ldapTypeStr = "type=ldap";
				var localeStr = "locale=";
				var url = window.location.href;
				if(url.indexOf(localeStr) !== -1){
					url = url.substring(0, url.indexOf(localeStr));
				}
				if(url.substring(0, url.indexOf(localeStr)) == "" &amp;&amp; url.indexOf(ldapTypeStr) &gt; 0){
					window.location.href  = url.substring(0, url.indexOf(ldapTypeStr)+ldapTypeStr.length) +'&amp;'+localeStr+selected_locale;
				}else{
					window.location.href  = url.substring(0, url.indexOf('?'+localeStr)) + '?'+localeStr+selected_locale;
				}

			}
			function localekeyhandle(e){
				if(e.which !== 32 &amp;&amp; e.which !== 9){
					e.preventDefault();
				}

			}

			function otpGeneration(){
				var uname = $("#username").val();
						if(uname ==="" || uname===null){
							$("#getotp").prop('checked', false);
							$("#uname_null").show();
							$("#forgotUname").css("margin-top","-10px");
							nullflag = true;
[...]
			var nullflag = false;
			var interVal = null;
			$(function(){
				$("#username, #passwordHolder").keyup(function(event) {
					if (event.keyCode === 13) {
						$(".rtPanelSubmitBtnBg").click();
					}
				});
				announcer($('#errorMsgBox').text(),true);
				$('.rtPanelSubmitBtnBg').click(function(event){
					event.preventDefault(); //this will prevent the default submit
					var isOtpLogin = $("#getotp").is(':checked');
					var status = false;
					status = checkUserName(isOtpLogin);
					if(status){
							$('#signInForm').submit();
					}
				});
			});

			function submitForm(){
				var password = $("#passwordHolder");
				var realPassword = $("#password");
				var otp = $("#otp");
				var src = $("#src");
				realPassword.val(password.val());
				password.val('');
				var isOtpLogin = $("#getotp").is(':checked');
				if(!isOtpLogin){
					document.signInForm.action = "/metricstream/auth/basic?locale=en_US";
				}else{
					otp.val(realPassword.val())
					src.val("login")
					password.val('');
					realPassword.val('');
					document.signInForm.action = "/metricstream/auth/otp";
				}
			}
			function checkUserName(isOtpLogin){
				if(document.getElementById('errorMsgBox')){
					document.getElementById('errorMsgBox').hidden=true;
				}
				var userName = document.getElementById('username');
				if(userName){
					var status = false;
					if (userName.value === "" || userName.value.trim().length === 0) {
						applyCSS("username", true);
						$('#username').attr("aria-describedby","uname_null");
						$('#username').attr("aria-invalid","true");
						$("#uname_null").show();
						$("#forgotUname").css("margin-top","-10px");
						nullflag = true;
						$('#username').focus();
						checkPassword(isOtpLogin);
						status = false; // cancel submission
					}else if (userName.value || userName.value.length &gt; 0) {
						applyCSS("username", false);
						userName.value = userName.value.trim();
						$('#username').removeAttr("aria-describedby","uname_null");
						$('#username').attr("aria-invalid","false");
						nullflag = false;
						status = checkPassword(isOtpLogin);
					}
					return status;
				}
			}

			function checkPassword(isOtpLogin) {
				var password = $("#passwordHolder");
				if(password){
					if (!password.val()) {
						applyCSS("password", true);
						if(!isOtpLogin){
							$('#passwordHolder').attr("aria-describedby","pwd_null");
							$('#passwordHolder').attr("aria-invalid","true");
							$("#pwd_null").show();
						}else{
							$('#passwordHolder').attr("aria-describedby","otp_null");
							$('#passwordHolder').attr("aria-invalid","true");
							$("#otp_null").show();
						}

						if(!nullflag){
							nullflag = true;
							$('#passwordHolder').focus();
						}
						return false; // cancel submission
					}else{
						applyCSS("password", false);
						$('#passwordHolder').removeAttr("aria-describedby","pwd_null");
						$('#passwordHolder').attr("aria-invalid","false");
						nullflag = false;
						return true;
					}
				}
			}
			function applyCSS(field, isError){
				var errorLable = document.getElementsByName(field+"ErrorLble");
				if(errorLable &amp;&amp; errorLable[0]){
					errorLable[0].hidden = !isError;
				}
			}

			function announcer(message, annoucementEntirety){
							$('#announcerPlaceholder').html('&lt;p&gt;' + message + '&lt;/p&gt;');
			                if(annoucementEntirety)
			                    $('#announcerPlaceholder').attr('aria-atomic', annoucementEntirety);

			}
			function getLocalizedData(){
				var selected_locale = "";
				if( document.getElementById('locale').hidden){
					selected_locale = document.getElementById('localeDevice').value;
				}else{
					selected_locale = document.getElementById('locale').value;
				}
				var url = window.location.href;
				var position = url.indexOf('?');
				if(position &gt; 0){
					url = url.slice(0,position);
				}
				var action = document.getElementById('action').value;
				if(action !== 'null'){
					url  = url + '?'+'type='+action;
				}
				document.getElementById('locale').hidden = true;
				if(url.indexOf('?') &gt; 0){
					url  = url + '&amp;'+'locale='+selected_locale;
				}else{
					url  = url + '?'+'locale='+selected_locale;
				}
				window.location.href  = url;
			}

			function languageSelected(selected_locale){
				var ldapTypeStr = "type=ldap";
				var localeStr = "locale=";
				var url = window.location.href;
				if(url.indexOf(localeStr) !== -1){
					url = url.substring(0, url.indexOf(localeStr));
				}
				if(url.substring(0, url.indexOf(localeStr)) == "" &amp;&amp; url.indexOf(ldapTypeStr) &gt; 0){
					window.location.href  = url.substring(0, url.indexOf(ldapTypeStr)+ldapTypeStr.length) +'&amp;'+localeStr+selected_locale;
				}else{
					window.location.href  = url.substring(0, url.indexOf('?'+localeStr)) + '?'+localeStr+selected_locale;
				}

			}
			function localekeyhandle(e){
				if(e.which !== 32 &amp;&amp; e.which !== 9){
					e.preventDefault();
				}

			}

			function otpGeneration(){
				var uname = $("#username").val();
						if(uname ==="" || uname===null){
							$("#getotp").prop('checked', false);
							$("#uname_null").show();
							$("#forgotUname").css("margin-top","-10px");
							nullflag = true;
							$('#username').focus();
						}else{
							$("#uname_null").hide();
							$("#forgotPass").hide();
							$("#pwd").text("OTP");
							$("#sr-pwd").text("OTP");
							$.ajax({
								  type: "POST",
								  url: "/metricstream/auth/otp",
								  data: { username: $("#username").val(), src:"login"},
								  cache: false,
								  success: function(data){
								  },
								  complete:function(data){
										  startTimer(2, 'timer');
										  $('#otp_success').show();
										  $('#otp_success').focus();
										  announcer($('#otp_success').text(),true);
										  $('#passwordHolder').val('');
										  $("#pwd_null").hide();
										  $('#passwordHolder').focus();
								  },
								  error:function(error){
								  }
							});
						}
			}

			$(function(){
				$("#otp_success").hide();

				$("#username").on('change', function(event){
						document.getElementById("timer").innerHTML='';
						clearInterval(interVal);
						$("#otp_success").hide();
						$("#getotp").prop('checked', false);
						$("#forgotPass").show();
						$("#pwd").text("Password");
						$("#sr-pwd").text("Password");
				});

				$('#getotp').on('click',function(){
					if($("#getotp").is(':checked')===true){
						otpGeneration();
					}else{
						document.getElementById("timer").innerHTML='';
						clearInterval(interVal);
						$("#pwd").text("Password");
						$("#sr-pwd").text("Password");
						$("#otp_success").hide();
						$("#forgotPass").show();
						$("#otp_null").hide();
					}
				});

				$(document.body).on('click','#getotplink', function(e) {
					otpGeneration();
				});

			});

			function startTimer(minutes, dom) {
				var duration = 60 * minutes;
				display = document.querySelector('#' + dom);
				var timer = duration, minutes, seconds;
				interVal = setInterval(function () {
								minutes = parseInt(timer / 60, 10);
								seconds = parseInt(timer % 60, 10);
								minutes = minutes &lt; 10 ? "0" + minutes : minutes;
								seconds = seconds &lt; 10 ? "0" + seconds : seconds;
								//display.textContent = minutes + ":" + seconds;
								document.getElementById(dom).innerHTML="&lt;p&gt;Please wait for " + minutes + "minutes " + seconds + "seconds to get resend OTP link.&lt;/p&gt;";
								if (--timer &lt; 0) {
									clearInterval(interVal);
									document.getElementById(dom).innerHTML="&lt;p&gt;Didn't receive OTP yet? &lt;a id='getotplink'&gt;Resend OTP&lt;/a&gt;&lt;/p&gt;";
									$("#otp_success").hide();
								}
								}, 1000);
			}
        &lt;/script&gt;
	&lt;/head&gt;
	&lt;body&gt;
		&lt;div id="mainPanel"&gt;
			&lt;input type="hidden" name="action" id="action" value="null"&gt;
			&lt;div  id="leftPanel" class="col-md-6 col-sm-6 hidden-xs hidden-sm leftPanelBg"&gt;
				&lt;div class="container col-md-12 paddingTop5Em"&gt;
					&lt;div class="col-md-2"&gt;&lt;/div&gt;
					&lt;div class="col-md-8 lftPanelLogoBg"&gt;
						&lt;label&gt;&lt;font&gt;&lt;img class="lftPanelLogoImage" src="/images/signin/msi_logo_white.png" alt='MetricStream Logo' aria-label='MetricStream Logo'&gt;&lt;/font&gt;
						&lt;/label&gt;
					&lt;/div&gt;
					&lt;div class="col-md-2"&gt;&lt;/div&gt;
				&lt;/div&gt;
				&lt;div class="text-align-center"&gt;
					&lt;label&gt;&lt;font class="lftPanelHeadingTxtBg"&gt;GRC Solutions for the &lt;br&gt;Enterprise of Tomorrow&lt;/font&gt;&lt;/label&gt;
				&lt;/div&gt;
				&lt;div class="homePageContent"&gt;
					&lt;label &gt;&lt;font class="lftPanelBodyTxtBg"&gt;MetricStream's extensive range of GRC Apps enables you to &lt;br&gt; manage your risks, compliance and governance activities in a &lt;br&gt;holistic, consistent and efficient manner.&lt;/font&gt;&lt;/label&gt;
				&lt;/div&gt;
				&lt;br&gt;
				&lt;div class="container col-md-12 paddingTop3EM" &gt;
					&lt;div class="col-md-2"&gt; &lt;/div&gt;
					&lt;div class="col-md-8 text-align-center" &gt;
						&lt;img style="width:70%;" src="/images/signin/login-icons.png" aria-hidden="true" alt='MetricStream Icon' aria-label='MetricStream Icon' &gt;
					&lt;/div&gt;
					&lt;div class="col-md-2"&gt; &lt;/div&gt;

				&lt;/div&gt;
			&lt;/div&gt;
			&lt;div id="rightPanel" class="col-sm-6 col-lg-6 col-md-6 rtPanelBg"&gt;
				&lt;!--Header for small device --&gt;
				&lt;div class="col-sm-6 col-md-6 col-lg-6 hidden-lg hidden-md smallHeader"&gt;
					&lt;div class="row" style="background-color:#006DB7; flex-direction: row;justify-content: space-between; align-items: center;height:50px;"&gt;
						&lt;div class="col-sm-10 smLeftHeaderWidth"&gt;
							&lt;img class="lftPanelSmallDeviceLogoImage" src="/images/signin/msi_logo_white.png"&gt;
						&lt;/div&gt;
						&lt;!-- Logo for small device--&gt;
						&lt;div class="col-sm-2 globalIconSmallDeviceDivBg smRightHeaderWidth"&gt;
							&lt;button class="dropdown-toggle globalIconBtnSmallDeviceBg" data-toggle="dropdown"&gt;&lt;span class="icn icn-globe globalIconBtnSmallDeviceBg"&gt;&lt;/span&gt;&lt;/button&gt;
							&lt;ul class="dropdown-menu localeItemDropDownUL"&gt;
								
							&lt;/ul&gt;
						&lt;/div&gt;
					&lt;/div&gt;
				&lt;/div&gt;
				&lt;!--Header for large screen --&gt;
				&lt;div class="col-md-12 hidden-xs hidden-sm largeHeader"&gt;
					&lt;div class="col-md-8 col-lg-6 paddingLeft05Em"&gt;
						&lt;div &gt;
							&lt;button disabled id="lgGlobeBtn" name="lgGlobeBtn" class="icn icn-globe globalIconBg" aria-hidden="true"&gt;&lt;/button&gt;
							
							&lt;label id="localeLabel" class="localString"&gt;English-United States&lt;/label&gt;
							
						&lt;/div&gt;
					&lt;/div&gt;
					&lt;div class="col-md-6 col-lg-6 rtPanelHeaderMenu menuLinks text-right"&gt;
						&lt;label &gt; &lt;a href="http://www.grcjourney.com/" target="_blank" rel="noopener noreferrer" class="textDecoration"&gt;GRC Journey&lt;/a&gt;&lt;/label&gt;
						&lt;label class="rtPanelHeaderMenuSeperator" aria-hidden="true"&gt;|&lt;/label&gt;
						&lt;label&gt; &lt;a href="http://www.complianceonline.com/" target="_blank" rel="noopener noreferrer" class="textDecoration"&gt;Training&lt;/a&gt;&lt;/label&gt;
						&lt;label class="rtPanelHeaderMenuSeperator" aria-hidden="true"&gt;|&lt;/label&gt;
						&lt;label&gt; &lt;a href="http://www.metricstream.com/" target="_blank" rel="noopener noreferrer" class="textDecoration"&gt;MetricStream&lt;/a&gt;&lt;/label&gt;
					&lt;/div&gt;
					&lt;div class="col-md-4 hidden-xs hidden-sm rtPanelHeaderMenu menuDropdown text-right"&gt;
					  &lt;div class="dropdown"&gt;
						&lt;button class="dropdown-toggle openLinksBg" data-toggle="dropdown"&gt;&lt;span class="icn icn-ellipsis"&gt;&lt;/span&gt;&lt;/button&gt;
						&lt;ul class="dropdown-menu linksDropdown"&gt;
						  &lt;li&gt;&lt;a href="http://www.grcjourney.com/" target="_blank" rel="noopener noreferrer" class="linkBg"&gt;GRC Journey&lt;/a&gt;&lt;/li&gt;
						  &lt;li&gt;&lt;a href="http://www.complianceonline.com/" target="_blank" rel="noopener noreferrer" class="linkBg"&gt;Training&lt;/a&gt;&lt;/li&gt;
						  &lt;li&gt;&lt;a href="http://www.metricstream.com/" target="_blank" rel="noopener noreferrer" class="linkBg"&gt;MetricStream&lt;/a&gt;&lt;/li&gt;
						&lt;/ul&gt;
					  &lt;/div&gt;
					&lt;/div&gt;
				&lt;/div&gt;
				&lt;!-- Sign In label and Form --&gt;
				&lt;div&gt;
				&lt;p id="announcerPlaceholder" class="sr-only" role="alert" aria-live="assertive" aria-atomic="false"&gt;&lt;/p&gt;
				&lt;p id="error" hidden&gt;Error&lt;/p&gt;
				&lt;form class="rtPanelSignInForm" name="signInForm" id="signInForm" method="post" enctype="application/x-www-form-urlencoded" autocomplete="off" aria-label='Sign-In to M7 Application '  onsubmit="return submitForm();" novalidate  &gt;
					&lt;h1 class="rtPanelSignInHeading"&gt;Sign In&lt;/h1&gt;
					

					&lt;div class="login-float-field-div"&gt;
						&lt;div class="form-group rtPanelUN"&gt;
							&lt;span class="sr-only"&gt;Username&lt;/span&gt;
							&lt;input class="login-input-floating" type="text" id="username" aria-invalid="false" name="username" aria-labelledby="uname" autocomplete="off" autofocus="" aria-required="true" required&gt;
							&lt;label class="login-label-floating login-label-floating-username" id="uname" aria-hidden="true"&gt;Username&lt;/label&gt;
							&lt;label name="usernameErrorLble" hidden="true" class="errorTextBg" id="uname_null"&gt;Please enter your username&lt;/label&gt;
						&lt;/div&gt;


						&lt;div class="form-group rtPanelUN" id="passwordField" style="margin-top: 1%;"&gt;
							&lt;span id="sr-pwd" class="sr-only"&gt;Password&lt;/span&gt;
							&lt;input class="login-input-floating" type="password" id="passwordHolder" aria-invalid="false" aria-labelledby="pwd" name="passwordHolder" aria-required="true" required&gt;

							&lt;input type="hidden" id="password" name="password"&gt;
							&lt;input type="hidden" id="otp" name="otp"&gt;
							&lt;input type="hidden" id="src" name="src"&gt;
							&lt;label class="login-label-floating login-label-floating-password" id="pwd" aria-hidden="true" &gt;Password&lt;/label&gt;
							&lt;label name="passwordErrorLble" hidden="true" id="pwd_null"  class="errorTextBg"&gt;Please enter your password&lt;/label&gt;
						&lt;label name="passwordErrorLble" hidden="true" id="otp_null"  class="errorTextBg"&gt;Please enter your OTP&lt;/label&gt;
						&lt;/div&gt;


						

						&lt;div id="passwordLoginSec" class="form-group rtPanelSubmitBtnPosition"&gt;
							&lt;button id="passwordLoginBtn" type="button" class="btn-signin rtPanelSubmitBtnBg"&gt;Sign In&lt;/button&gt;


						
						&lt;div id="forgotPass" class="forgot-links"&gt;
							&lt;a  href="/metricstream/loginServices/SigninHelpValidate?locale=en_US&amp;forgotOption=uname"&gt; Recover Username &lt;/a&gt;

							&lt;a style="margin-left: 1em;" href="/metricstream/loginServices/SigninHelpValidate?locale=en_US&amp;forgotOption=pwd"&gt; Recover Password &lt;/a&gt;
						&lt;/div&gt;
						

						&lt;/div&gt;
						&lt;div class="alert alert-success" style="margin-left:2em;margin-top:2em;width:75%" role="alert" id="otp_success"&gt;
						&lt;strong&gt;Success&lt;/strong&gt;
						&lt;br&gt;Your request has been processed. A new OTP has been sent to your registered email id
						&lt;/div&gt;
						
					&lt;/div&gt;			
				&lt;/form&gt;
				&lt;div class="copyRightSignIn"&gt;
							&lt;label class="copyRightTextBg"&gt;&amp;copy 2020 MetricStream Inc. All Rights Reserved. 
							&lt;u&gt;&lt;a href="http://www.metricstream.com/about-us/privacy-policy.htm" target="_blank" rel="noopener noreferrer" class="rtPanelPolicyLink"&gt;Privacy Policy&lt;/a&gt;&lt;/u&gt;
							&lt;/label&gt;
				&lt;/div&gt;	
				&lt;/div&gt;
			&lt;/div&gt;		
		&lt;/div&gt;
	&lt;/body&gt;
&lt;/html&gt;', expected: '{'QUESTION-100200','QUESTION-100201','QUESTION-100202','QUESTION-100203'}', reason: actual value is not JSON-like&#13;
	at ✽.And match response $.sectionList[*].questionList[*].questionId contains {'QUESTION-100200','QUESTION-100201','QUESTION-100202','QUESTION-100203'} (Questionnaire.feature:43)&#13;

And match response $.sectionList[*].questionList[*].questionRank contains "4" . skipped
* url 'https://icrreg2.rnd.metricstream.com/' ............................. passed
* def signIn = callonce read('util/signin.feature') ....................... passed
* def cooky = signIn.cooky ................................................ passed
* def db = signIn.db ...................................................... passed
* def contactName = signIn.contactName .................................... passed
* configure cookies = cooky ............................................... passed
* def expectedOutput=read('Question.json') ................................ failed

Stack Trace:
com.intuit.karate.exception.KarateException: Questionnaire.feature:47 - no step-definition method match found for: def expectedOutput=read('Question.json')&#13;
	at ✽.* def expectedOutput=read('Question.json') (Questionnaire.feature:47)&#13;

Given path '/metricstream/api/7.0/icr/questionnaire/Questionnaire-100200' . skipped
When method GET ........................................................... skipped
Then status 200 ........................................................... skipped
Then print response ....................................................... skipped
And match response == expectedOutput ...................................... skipped
And match response.sectionList.questionId==QUESTION-100200 ................ skipped
* url 'https://icrreg2.rnd.metricstream.com/' ............................. passed
* def signIn = callonce read('util/signin.feature') ....................... passed
* def cooky = signIn.cooky ................................................ passed
* def db = signIn.db ...................................................... passed
* def contactName = signIn.contactName .................................... passed
* configure cookies = cooky ............................................... passed
* def expectedOutput=read('Question.json') ................................ failed

Stack Trace:
com.intuit.karate.exception.KarateException: Questionnaire.feature:56 - no step-definition method match found for: def expectedOutput=read('Question.json')&#13;
	at ✽.* def expectedOutput=read('Question.json') (Questionnaire.feature:56)&#13;

Given path '/metricstream/api/7.0/icr/questionnaire/Questionnaire-100200' . skipped
When method GET ........................................................... skipped
Then status 200 ........................................................... skipped
Then print response ....................................................... skipped
And match response == expectedOutput ...................................... skipped
And match response.sectionList.questionId==QUESTION-20000 ................. skipped
* url 'https://icrreg2.rnd.metricstream.com/' ............................. passed
* def signIn = callonce read('util/signin.feature') ....................... passed
* def cooky = signIn.cooky ................................................ passed
* def db = signIn.db ...................................................... passed
* def contactName = signIn.contactName .................................... passed
* configure cookies = cooky ............................................... passed
Given path '/metricstream/auth/logout' .................................... passed
When method Get ........................................................... passed
Then status 200 ........................................................... passed
And match responseCookies !contains { JSESSION_ID: "#notnull" } ........... passed</system-out>
  </testcase>
</testsuite>
